[INFO ]2023-07-03 19:44:05.495 [main]LoggerLoad-Launching apphttps://dsportalapp.herokuapp.com/
[INFO ]2023-07-03 19:44:10.832 [main]LoggerLoad-Closing App
[INFO ]2023-07-03 19:44:14.426 [main]LoggerLoad-Launching apphttps://dsportalapp.herokuapp.com/
[INFO ]2023-07-03 19:44:27.999 [main]LoggerLoad-Closing App
[INFO ]2023-07-03 19:44:30.564 [main]LoggerLoad-Launching apphttps://dsportalapp.herokuapp.com/
[INFO ]2023-07-03 19:44:43.465 [main]LoggerLoad-Closing App
[INFO ]2023-07-03 19:44:46.107 [main]LoggerLoad-Launching apphttps://dsportalapp.herokuapp.com/
[INFO ]2023-07-03 19:44:59.391 [main]LoggerLoad-Closing App
[INFO ]2023-07-03 19:45:03.839 [main]LoggerLoad-Launching apphttps://dsportalapp.herokuapp.com/
[INFO ]2023-07-03 19:45:10.002 [main]LoggerLoad-Scenario Failed
[INFO ]2023-07-03 19:45:10.010 [main]LoggerLoad-Closing App
[INFO ]2023-07-03 19:47:15.617 [main]LoggerLoad-Launching apphttps://dsportalapp.herokuapp.com/
[INFO ]2023-07-03 19:47:21.155 [main]LoggerLoad-Closing App
[INFO ]2023-07-05 09:58:05.982 [main]LoggerLoad-Launching apphttps://dsportalapp.herokuapp.com/
[INFO ]2023-07-05 09:58:11.570 [main]LoggerLoad-Closing App
[INFO ]2023-07-05 09:58:50.076 [main]LoggerLoad-Launching apphttps://dsportalapp.herokuapp.com/
[INFO ]2023-07-05 09:58:55.282 [main]LoggerLoad-Closing App
[INFO ]2023-07-05 09:58:57.905 [main]LoggerLoad-Launching apphttps://dsportalapp.herokuapp.com/
[INFO ]2023-07-05 09:59:02.945 [main]LoggerLoad-Scenario Failed
[INFO ]2023-07-05 09:59:03.178 [main]LoggerLoad-Closing App
[INFO ]2023-07-05 09:59:05.646 [main]LoggerLoad-Launching apphttps://dsportalapp.herokuapp.com/
[INFO ]2023-07-05 09:59:10.894 [main]LoggerLoad-Scenario Failed
[INFO ]2023-07-05 09:59:11.077 [main]LoggerLoad-Closing App
[INFO ]2023-07-05 09:59:13.345 [main]LoggerLoad-Launching apphttps://dsportalapp.herokuapp.com/
[INFO ]2023-07-05 09:59:16.419 [main]LoggerLoad-Scenario Failed
[INFO ]2023-07-05 09:59:16.432 [main]LoggerLoad-Closing App
[INFO ]2023-07-05 09:59:18.229 [main]LoggerLoad-Launching apphttps://dsportalapp.herokuapp.com/
[INFO ]2023-07-05 10:10:35.635 [main]LoggerLoad-Launching apphttps://dsportalapp.herokuapp.com/
[INFO ]2023-07-05 10:10:45.837 [main]LoggerLoad-Scenario Failed
[INFO ]2023-07-05 10:10:46.158 [main]LoggerLoad-Closing App
[INFO ]2023-07-05 10:10:48.675 [main]LoggerLoad-Launching apphttps://dsportalapp.herokuapp.com/
[INFO ]2023-07-05 10:10:58.778 [main]LoggerLoad-Scenario Failed
[INFO ]2023-07-05 10:10:59.165 [main]LoggerLoad-Closing App
[INFO ]2023-07-05 10:11:01.412 [main]LoggerLoad-Launching apphttps://dsportalapp.herokuapp.com/
[INFO ]2023-07-05 10:11:03.121 [main]LoggerLoad-Scenario Failed
[INFO ]2023-07-05 10:11:03.148 [main]LoggerLoad-Closing App
[INFO ]2023-07-05 10:11:05.264 [main]LoggerLoad-Launching apphttps://dsportalapp.herokuapp.com/
[INFO ]2023-07-05 10:11:06.143 [main]LoggerLoad-Scenario Failed
[INFO ]2023-07-05 10:11:06.169 [main]LoggerLoad-Closing App
[INFO ]2023-07-05 10:14:32.299 [main]LoggerLoad-Launching apphttps://dsportalapp.herokuapp.com/
[INFO ]2023-07-05 10:14:46.685 [main]LoggerLoad-Scenario Failed
[INFO ]2023-07-05 10:14:46.858 [main]LoggerLoad-Closing App
[INFO ]2023-07-05 10:14:49.302 [main]LoggerLoad-Launching apphttps://dsportalapp.herokuapp.com/
[INFO ]2023-07-05 10:15:02.646 [main]LoggerLoad-Scenario Failed
[INFO ]2023-07-05 10:15:02.668 [main]LoggerLoad-Closing App
[INFO ]2023-07-05 10:15:04.855 [main]LoggerLoad-Launching apphttps://dsportalapp.herokuapp.com/
[INFO ]2023-07-05 10:15:07.885 [main]LoggerLoad-Scenario Failed
[INFO ]2023-07-05 10:15:07.896 [main]LoggerLoad-Closing App
[INFO ]2023-07-05 10:16:17.194 [main]LoggerLoad-Launching apphttps://dsportalapp.herokuapp.com/
[INFO ]2023-07-05 10:16:30.849 [main]LoggerLoad-Scenario Failed
[INFO ]2023-07-05 10:16:31.063 [main]LoggerLoad-Closing App
[INFO ]2023-07-05 10:16:33.520 [main]LoggerLoad-Launching apphttps://dsportalapp.herokuapp.com/
[INFO ]2023-07-05 10:20:41.505 [main]LoggerLoad-Launching apphttps://dsportalapp.herokuapp.com/
[INFO ]2023-07-05 10:20:56.302 [main]LoggerLoad-Scenario Failed
[INFO ]2023-07-05 10:20:56.537 [main]LoggerLoad-Closing App
[INFO ]2023-07-05 10:20:58.912 [main]LoggerLoad-Launching apphttps://dsportalapp.herokuapp.com/
[INFO ]2023-07-05 10:21:13.285 [main]LoggerLoad-Scenario Failed
[INFO ]2023-07-05 10:21:13.522 [main]LoggerLoad-Closing App
[INFO ]2023-07-05 10:21:15.737 [main]LoggerLoad-Launching apphttps://dsportalapp.herokuapp.com/
[INFO ]2023-07-05 10:21:18.768 [main]LoggerLoad-Scenario Failed
[INFO ]2023-07-05 10:21:18.773 [main]LoggerLoad-Closing App
[INFO ]2023-07-05 10:23:35.011 [main]LoggerLoad-Scenario Failed
[INFO ]2023-07-05 10:23:35.019 [main]LoggerLoad-Closing App
[INFO ]2023-07-05 10:23:35.222 [main]LoggerLoad-Scenario Failed
[INFO ]2023-07-05 10:23:35.232 [main]LoggerLoad-Closing App
[INFO ]2023-07-05 10:23:35.474 [main]LoggerLoad-Scenario Failed
[INFO ]2023-07-05 10:23:35.486 [main]LoggerLoad-Closing App
[INFO ]2023-07-05 10:23:35.733 [main]LoggerLoad-Scenario Failed
[INFO ]2023-07-05 10:23:35.740 [main]LoggerLoad-Closing App
[INFO ]2023-07-05 10:23:35.823 [main]LoggerLoad-Scenario Failed
[INFO ]2023-07-05 10:23:35.826 [main]LoggerLoad-Closing App
[INFO ]2023-07-05 10:23:35.997 [main]LoggerLoad-Scenario Failed
[INFO ]2023-07-05 10:23:36.001 [main]LoggerLoad-Closing App
[INFO ]2023-07-05 10:23:36.170 [main]LoggerLoad-Scenario Failed
[INFO ]2023-07-05 10:23:36.196 [main]LoggerLoad-Closing App
[INFO ]2023-07-05 10:23:36.315 [main]LoggerLoad-Scenario Failed
[INFO ]2023-07-05 10:23:36.317 [main]LoggerLoad-Closing App
[INFO ]2023-07-05 10:40:11.461 [main]LoggerLoad-Scenario Failed
[INFO ]2023-07-05 10:40:11.468 [main]LoggerLoad-Closing App
[INFO ]2023-07-05 10:40:11.683 [main]LoggerLoad-Scenario Failed
[INFO ]2023-07-05 10:40:11.686 [main]LoggerLoad-Closing App
[INFO ]2023-07-05 10:40:11.760 [main]LoggerLoad-Scenario Failed
[INFO ]2023-07-05 10:40:11.761 [main]LoggerLoad-Closing App
[INFO ]2023-07-05 10:40:11.831 [main]LoggerLoad-Scenario Failed
[INFO ]2023-07-05 10:40:11.833 [main]LoggerLoad-Closing App
[INFO ]2023-07-05 10:40:11.930 [main]LoggerLoad-Scenario Failed
[INFO ]2023-07-05 10:40:11.933 [main]LoggerLoad-Closing App
[INFO ]2023-07-05 10:40:12.063 [main]LoggerLoad-Scenario Failed
[INFO ]2023-07-05 10:40:12.068 [main]LoggerLoad-Closing App
[INFO ]2023-07-05 10:40:12.180 [main]LoggerLoad-Scenario Failed
[INFO ]2023-07-05 10:40:12.184 [main]LoggerLoad-Closing App
[INFO ]2023-07-05 10:40:12.292 [main]LoggerLoad-Scenario Failed
[INFO ]2023-07-05 10:40:12.294 [main]LoggerLoad-Closing App
[INFO ]2023-07-05 10:43:35.406 [main]LoggerLoad-Launching app
[INFO ]2023-07-05 10:43:35.461 [main]LoggerLoad-Scenario Failed
[INFO ]2023-07-05 10:43:35.472 [main]LoggerLoad-Closing App
[INFO ]2023-07-05 10:43:35.737 [main]LoggerLoad-Launching app
[INFO ]2023-07-05 10:43:35.758 [main]LoggerLoad-Scenario Failed
[INFO ]2023-07-05 10:43:35.762 [main]LoggerLoad-Closing App
[INFO ]2023-07-05 10:43:35.830 [main]LoggerLoad-Launching app
[INFO ]2023-07-05 10:43:35.845 [main]LoggerLoad-Scenario Failed
[INFO ]2023-07-05 10:43:35.849 [main]LoggerLoad-Closing App
[INFO ]2023-07-05 10:43:35.983 [main]LoggerLoad-Launching app
[INFO ]2023-07-05 10:43:36.024 [main]LoggerLoad-Scenario Failed
[INFO ]2023-07-05 10:43:36.064 [main]LoggerLoad-Closing App
[INFO ]2023-07-05 10:43:36.170 [main]LoggerLoad-Launching app
[INFO ]2023-07-05 10:43:36.207 [main]LoggerLoad-Scenario Failed
[INFO ]2023-07-05 10:43:36.210 [main]LoggerLoad-Closing App
[INFO ]2023-07-05 10:43:36.295 [main]LoggerLoad-Launching app
[INFO ]2023-07-05 10:43:36.333 [main]LoggerLoad-Scenario Failed
[INFO ]2023-07-05 10:43:36.340 [main]LoggerLoad-Closing App
[INFO ]2023-07-05 10:43:36.429 [main]LoggerLoad-Launching app
[INFO ]2023-07-05 10:43:36.459 [main]LoggerLoad-Scenario Failed
[INFO ]2023-07-05 10:43:36.463 [main]LoggerLoad-Closing App
[INFO ]2023-07-05 10:43:36.576 [main]LoggerLoad-Launching app
[INFO ]2023-07-05 10:43:36.598 [main]LoggerLoad-Scenario Failed
[INFO ]2023-07-05 10:43:36.603 [main]LoggerLoad-Closing App
[INFO ]2023-07-05 10:46:59.652 [main]LoggerLoad-Launching app
[INFO ]2023-07-05 10:46:59.703 [main]LoggerLoad-Scenario Failed
[INFO ]2023-07-05 10:46:59.712 [main]LoggerLoad-Closing App
[INFO ]2023-07-05 10:46:59.970 [main]LoggerLoad-Launching app
[INFO ]2023-07-05 10:46:59.989 [main]LoggerLoad-Scenario Failed
[INFO ]2023-07-05 10:46:59.992 [main]LoggerLoad-Closing App
[INFO ]2023-07-05 10:47:00.090 [main]LoggerLoad-Launching app
[INFO ]2023-07-05 10:47:00.124 [main]LoggerLoad-Scenario Failed
[INFO ]2023-07-05 10:47:00.129 [main]LoggerLoad-Closing App
[INFO ]2023-07-05 10:47:00.245 [main]LoggerLoad-Launching app
[INFO ]2023-07-05 10:47:00.274 [main]LoggerLoad-Scenario Failed
[INFO ]2023-07-05 10:47:00.285 [main]LoggerLoad-Closing App
[INFO ]2023-07-05 10:47:00.354 [main]LoggerLoad-Launching app
[INFO ]2023-07-05 10:47:00.368 [main]LoggerLoad-Scenario Failed
[INFO ]2023-07-05 10:47:00.370 [main]LoggerLoad-Closing App
[INFO ]2023-07-05 10:47:00.464 [main]LoggerLoad-Launching app
[INFO ]2023-07-05 10:47:00.473 [main]LoggerLoad-Scenario Failed
[INFO ]2023-07-05 10:47:00.478 [main]LoggerLoad-Closing App
[INFO ]2023-07-05 10:47:00.522 [main]LoggerLoad-Launching app
[INFO ]2023-07-05 10:47:00.531 [main]LoggerLoad-Scenario Failed
[INFO ]2023-07-05 10:47:00.534 [main]LoggerLoad-Closing App
[INFO ]2023-07-05 10:47:00.570 [main]LoggerLoad-Launching app
[INFO ]2023-07-05 10:47:00.582 [main]LoggerLoad-Scenario Failed
[INFO ]2023-07-05 10:47:00.584 [main]LoggerLoad-Closing App
[INFO ]2023-07-05 10:49:33.385 [main]LoggerLoad-Launching app
[INFO ]2023-07-05 10:49:33.440 [main]LoggerLoad-Scenario Failed
[INFO ]2023-07-05 10:49:33.451 [main]LoggerLoad-Closing App
[INFO ]2023-07-05 10:49:33.708 [main]LoggerLoad-Launching app
[INFO ]2023-07-05 10:49:33.724 [main]LoggerLoad-Scenario Failed
[INFO ]2023-07-05 10:49:33.729 [main]LoggerLoad-Closing App
[INFO ]2023-07-05 10:49:33.822 [main]LoggerLoad-Launching app
[INFO ]2023-07-05 10:49:33.844 [main]LoggerLoad-Scenario Failed
[INFO ]2023-07-05 10:49:33.851 [main]LoggerLoad-Closing App
[INFO ]2023-07-05 10:49:33.932 [main]LoggerLoad-Launching app
[INFO ]2023-07-05 10:49:33.951 [main]LoggerLoad-Scenario Failed
[INFO ]2023-07-05 10:49:33.956 [main]LoggerLoad-Closing App
[INFO ]2023-07-05 10:49:34.027 [main]LoggerLoad-Launching app
[INFO ]2023-07-05 10:49:34.054 [main]LoggerLoad-Scenario Failed
[INFO ]2023-07-05 10:49:34.056 [main]LoggerLoad-Closing App
[INFO ]2023-07-05 10:49:34.118 [main]LoggerLoad-Launching app
[INFO ]2023-07-05 10:49:34.130 [main]LoggerLoad-Scenario Failed
[INFO ]2023-07-05 10:49:34.135 [main]LoggerLoad-Closing App
[INFO ]2023-07-05 10:49:34.170 [main]LoggerLoad-Launching app
[INFO ]2023-07-05 10:49:34.185 [main]LoggerLoad-Scenario Failed
[INFO ]2023-07-05 10:49:34.187 [main]LoggerLoad-Closing App
[INFO ]2023-07-05 10:49:34.231 [main]LoggerLoad-Launching app
[INFO ]2023-07-05 10:49:34.248 [main]LoggerLoad-Scenario Failed
[INFO ]2023-07-05 10:49:34.252 [main]LoggerLoad-Closing App
[INFO ]2023-07-05 10:57:38.419 [main]LoggerLoad-Launching app
[INFO ]2023-07-05 10:57:38.506 [main]LoggerLoad-Scenario Failed
[INFO ]2023-07-05 10:57:38.516 [main]LoggerLoad-Closing App
[INFO ]2023-07-05 10:57:38.702 [main]LoggerLoad-Launching app
[INFO ]2023-07-05 10:57:38.712 [main]LoggerLoad-Scenario Failed
[INFO ]2023-07-05 10:57:38.716 [main]LoggerLoad-Closing App
[INFO ]2023-07-05 10:57:38.792 [main]LoggerLoad-Launching app
[INFO ]2023-07-05 10:57:38.812 [main]LoggerLoad-Scenario Failed
[INFO ]2023-07-05 10:57:38.817 [main]LoggerLoad-Closing App
[INFO ]2023-07-05 10:57:38.896 [main]LoggerLoad-Launching app
[INFO ]2023-07-05 10:57:38.925 [main]LoggerLoad-Scenario Failed
[INFO ]2023-07-05 10:57:38.933 [main]LoggerLoad-Closing App
[INFO ]2023-07-05 10:57:39.005 [main]LoggerLoad-Launching app
[INFO ]2023-07-05 10:57:39.032 [main]LoggerLoad-Scenario Failed
[INFO ]2023-07-05 10:57:39.035 [main]LoggerLoad-Closing App
[INFO ]2023-07-05 10:57:39.095 [main]LoggerLoad-Launching app
[INFO ]2023-07-05 10:57:39.116 [main]LoggerLoad-Scenario Failed
[INFO ]2023-07-05 10:57:39.121 [main]LoggerLoad-Closing App
[INFO ]2023-07-05 10:57:39.189 [main]LoggerLoad-Launching app
[INFO ]2023-07-05 10:57:39.205 [main]LoggerLoad-Scenario Failed
[INFO ]2023-07-05 10:57:39.209 [main]LoggerLoad-Closing App
[INFO ]2023-07-05 10:57:39.265 [main]LoggerLoad-Launching app
[INFO ]2023-07-05 10:57:39.282 [main]LoggerLoad-Scenario Failed
[INFO ]2023-07-05 10:57:39.285 [main]LoggerLoad-Closing App
[INFO ]2023-07-05 11:00:10.554 [main]LoggerLoad-Launching app
[INFO ]2023-07-05 11:00:10.603 [main]LoggerLoad-Scenario Failed
[INFO ]2023-07-05 11:00:10.611 [main]LoggerLoad-Closing App
[INFO ]2023-07-05 11:00:10.851 [main]LoggerLoad-Launching app
[INFO ]2023-07-05 11:00:10.869 [main]LoggerLoad-Scenario Failed
[INFO ]2023-07-05 11:00:10.874 [main]LoggerLoad-Closing App
[INFO ]2023-07-05 11:00:11.002 [main]LoggerLoad-Launching app
[INFO ]2023-07-05 11:00:11.028 [main]LoggerLoad-Scenario Failed
[INFO ]2023-07-05 11:00:11.033 [main]LoggerLoad-Closing App
[INFO ]2023-07-05 11:00:11.105 [main]LoggerLoad-Launching app
[INFO ]2023-07-05 11:00:11.118 [main]LoggerLoad-Scenario Failed
[INFO ]2023-07-05 11:00:11.121 [main]LoggerLoad-Closing App
[INFO ]2023-07-05 11:00:11.170 [main]LoggerLoad-Launching app
[INFO ]2023-07-05 11:00:11.184 [main]LoggerLoad-Scenario Failed
[INFO ]2023-07-05 11:00:11.186 [main]LoggerLoad-Closing App
[INFO ]2023-07-05 11:00:11.246 [main]LoggerLoad-Launching app
[INFO ]2023-07-05 11:00:11.267 [main]LoggerLoad-Scenario Failed
[INFO ]2023-07-05 11:00:11.271 [main]LoggerLoad-Closing App
[INFO ]2023-07-05 11:00:11.322 [main]LoggerLoad-Launching app
[INFO ]2023-07-05 11:00:11.350 [main]LoggerLoad-Scenario Failed
[INFO ]2023-07-05 11:00:11.354 [main]LoggerLoad-Closing App
[INFO ]2023-07-05 11:00:11.429 [main]LoggerLoad-Launching app
[INFO ]2023-07-05 11:00:11.452 [main]LoggerLoad-Scenario Failed
[INFO ]2023-07-05 11:00:11.458 [main]LoggerLoad-Closing App
[INFO ]2023-07-05 11:01:02.802 [main]LoggerLoad-Launching app
[INFO ]2023-07-05 11:01:02.844 [main]LoggerLoad-Scenario Failed
[INFO ]2023-07-05 11:01:02.854 [main]LoggerLoad-Closing App
[INFO ]2023-07-05 11:01:03.024 [main]LoggerLoad-Launching app
[INFO ]2023-07-05 11:01:03.033 [main]LoggerLoad-Scenario Failed
[INFO ]2023-07-05 11:01:03.036 [main]LoggerLoad-Closing App
[INFO ]2023-07-05 11:01:03.095 [main]LoggerLoad-Launching app
[INFO ]2023-07-05 11:01:03.110 [main]LoggerLoad-Scenario Failed
[INFO ]2023-07-05 11:01:03.112 [main]LoggerLoad-Closing App
[INFO ]2023-07-05 11:01:03.167 [main]LoggerLoad-Launching app
[INFO ]2023-07-05 11:01:03.179 [main]LoggerLoad-Scenario Failed
[INFO ]2023-07-05 11:01:03.181 [main]LoggerLoad-Closing App
[INFO ]2023-07-05 11:01:03.226 [main]LoggerLoad-Launching app
[INFO ]2023-07-05 11:01:03.240 [main]LoggerLoad-Scenario Failed
[INFO ]2023-07-05 11:01:03.243 [main]LoggerLoad-Closing App
[INFO ]2023-07-05 11:01:03.283 [main]LoggerLoad-Launching app
[INFO ]2023-07-05 11:01:03.294 [main]LoggerLoad-Scenario Failed
[INFO ]2023-07-05 11:01:03.297 [main]LoggerLoad-Closing App
[INFO ]2023-07-05 11:01:03.344 [main]LoggerLoad-Launching app
[INFO ]2023-07-05 11:01:03.355 [main]LoggerLoad-Scenario Failed
[INFO ]2023-07-05 11:01:03.357 [main]LoggerLoad-Closing App
[INFO ]2023-07-05 11:01:03.402 [main]LoggerLoad-Launching app
[INFO ]2023-07-05 11:01:03.411 [main]LoggerLoad-Scenario Failed
[INFO ]2023-07-05 11:01:03.413 [main]LoggerLoad-Closing App
[INFO ]2023-07-05 11:01:51.860 [main]LoggerLoad-Launching app
[INFO ]2023-07-05 11:01:51.910 [main]LoggerLoad-Scenario Failed
[INFO ]2023-07-05 11:01:51.918 [main]LoggerLoad-Closing App
[INFO ]2023-07-05 11:01:52.189 [main]LoggerLoad-Launching app
[INFO ]2023-07-05 11:01:52.206 [main]LoggerLoad-Scenario Failed
[INFO ]2023-07-05 11:01:52.211 [main]LoggerLoad-Closing App
[INFO ]2023-07-05 11:01:52.261 [main]LoggerLoad-Launching app
[INFO ]2023-07-05 11:01:52.274 [main]LoggerLoad-Scenario Failed
[INFO ]2023-07-05 11:01:52.276 [main]LoggerLoad-Closing App
[INFO ]2023-07-05 11:01:52.329 [main]LoggerLoad-Launching app
[INFO ]2023-07-05 11:01:52.341 [main]LoggerLoad-Scenario Failed
[INFO ]2023-07-05 11:01:52.344 [main]LoggerLoad-Closing App
[INFO ]2023-07-05 11:01:52.407 [main]LoggerLoad-Launching app
[INFO ]2023-07-05 11:01:52.428 [main]LoggerLoad-Scenario Failed
[INFO ]2023-07-05 11:01:52.431 [main]LoggerLoad-Closing App
[INFO ]2023-07-05 11:01:52.480 [main]LoggerLoad-Launching app
[INFO ]2023-07-05 11:01:52.491 [main]LoggerLoad-Scenario Failed
[INFO ]2023-07-05 11:01:52.493 [main]LoggerLoad-Closing App
[INFO ]2023-07-05 11:01:52.538 [main]LoggerLoad-Launching app
[INFO ]2023-07-05 11:01:52.546 [main]LoggerLoad-Scenario Failed
[INFO ]2023-07-05 11:01:52.549 [main]LoggerLoad-Closing App
[INFO ]2023-07-05 11:01:52.594 [main]LoggerLoad-Launching app
[INFO ]2023-07-05 11:01:52.604 [main]LoggerLoad-Scenario Failed
[INFO ]2023-07-05 11:01:52.606 [main]LoggerLoad-Closing App
[INFO ]2023-07-05 11:06:40.682 [main]LoggerLoad-Launching app
[INFO ]2023-07-05 11:06:40.725 [main]LoggerLoad-Scenario Failed
[INFO ]2023-07-05 11:06:40.734 [main]LoggerLoad-Closing App
[INFO ]2023-07-05 11:06:40.945 [main]LoggerLoad-Launching app
[INFO ]2023-07-05 11:06:40.961 [main]LoggerLoad-Scenario Failed
[INFO ]2023-07-05 11:06:40.967 [main]LoggerLoad-Closing App
[INFO ]2023-07-05 11:06:41.080 [main]LoggerLoad-Launching app
[INFO ]2023-07-05 11:06:41.104 [main]LoggerLoad-Scenario Failed
[INFO ]2023-07-05 11:06:41.110 [main]LoggerLoad-Closing App
[INFO ]2023-07-05 11:06:41.197 [main]LoggerLoad-Launching app
[INFO ]2023-07-05 11:06:41.216 [main]LoggerLoad-Scenario Failed
[INFO ]2023-07-05 11:06:41.221 [main]LoggerLoad-Closing App
[INFO ]2023-07-05 11:06:41.295 [main]LoggerLoad-Launching app
[INFO ]2023-07-05 11:06:41.318 [main]LoggerLoad-Scenario Failed
[INFO ]2023-07-05 11:06:41.321 [main]LoggerLoad-Closing App
[INFO ]2023-07-05 11:06:41.446 [main]LoggerLoad-Launching app
[INFO ]2023-07-05 11:06:41.608 [main]LoggerLoad-Scenario Failed
[INFO ]2023-07-05 11:06:41.613 [main]LoggerLoad-Closing App
[INFO ]2023-07-05 11:06:41.687 [main]LoggerLoad-Launching app
[INFO ]2023-07-05 11:06:41.715 [main]LoggerLoad-Scenario Failed
[INFO ]2023-07-05 11:06:41.718 [main]LoggerLoad-Closing App
[INFO ]2023-07-05 11:06:41.848 [main]LoggerLoad-Launching app
[INFO ]2023-07-05 11:06:41.886 [main]LoggerLoad-Scenario Failed
[INFO ]2023-07-05 11:06:41.889 [main]LoggerLoad-Closing App
[INFO ]2023-07-05 11:09:28.052 [main]LoggerLoad-Launching app
[INFO ]2023-07-05 11:09:28.103 [main]LoggerLoad-Scenario Failed
[INFO ]2023-07-05 11:09:28.111 [main]LoggerLoad-Closing App
[INFO ]2023-07-05 11:09:28.350 [main]LoggerLoad-Launching app
[INFO ]2023-07-05 11:09:28.361 [main]LoggerLoad-Scenario Failed
[INFO ]2023-07-05 11:09:28.364 [main]LoggerLoad-Closing App
[INFO ]2023-07-05 11:09:28.417 [main]LoggerLoad-Launching app
[INFO ]2023-07-05 11:09:28.427 [main]LoggerLoad-Scenario Failed
[INFO ]2023-07-05 11:09:28.429 [main]LoggerLoad-Closing App
[INFO ]2023-07-05 11:09:28.484 [main]LoggerLoad-Launching app
[INFO ]2023-07-05 11:09:28.493 [main]LoggerLoad-Scenario Failed
[INFO ]2023-07-05 11:09:28.495 [main]LoggerLoad-Closing App
[INFO ]2023-07-05 11:09:28.549 [main]LoggerLoad-Launching app
[INFO ]2023-07-05 11:09:28.574 [main]LoggerLoad-Scenario Failed
[INFO ]2023-07-05 11:09:28.576 [main]LoggerLoad-Closing App
[INFO ]2023-07-05 11:09:28.661 [main]LoggerLoad-Launching app
[INFO ]2023-07-05 11:09:28.684 [main]LoggerLoad-Scenario Failed
[INFO ]2023-07-05 11:09:28.687 [main]LoggerLoad-Closing App
[INFO ]2023-07-05 11:09:28.783 [main]LoggerLoad-Launching app
[INFO ]2023-07-05 11:09:28.800 [main]LoggerLoad-Scenario Failed
[INFO ]2023-07-05 11:09:28.803 [main]LoggerLoad-Closing App
[INFO ]2023-07-05 11:09:28.856 [main]LoggerLoad-Launching app
[INFO ]2023-07-05 11:09:28.864 [main]LoggerLoad-Scenario Failed
[INFO ]2023-07-05 11:09:28.868 [main]LoggerLoad-Closing App
[INFO ]2023-07-05 11:11:00.491 [main]LoggerLoad-Launching app
[INFO ]2023-07-05 11:11:00.569 [main]LoggerLoad-Scenario Failed
[INFO ]2023-07-05 11:11:00.586 [main]LoggerLoad-Closing App
[INFO ]2023-07-05 11:15:21.005 [main]LoggerLoad-Launching app
[INFO ]2023-07-05 11:15:21.057 [main]LoggerLoad-Scenario Failed
[INFO ]2023-07-05 11:15:21.064 [main]LoggerLoad-Closing App
[INFO ]2023-07-05 11:18:07.674 [main]LoggerLoad-Launching app
[INFO ]2023-07-05 11:18:07.722 [main]LoggerLoad-Scenario Failed
[INFO ]2023-07-05 11:18:07.728 [main]LoggerLoad-Closing App
[INFO ]2023-07-05 11:24:36.402 [main]LoggerLoad-Launching app
[INFO ]2023-07-05 11:24:36.444 [main]LoggerLoad-Scenario Failed
[INFO ]2023-07-05 11:24:36.452 [main]LoggerLoad-Closing App
[INFO ]2023-07-05 11:47:55.072 [main]LoggerLoad-Scenario Failed
[INFO ]2023-07-05 11:47:55.080 [main]LoggerLoad-Closing App
[INFO ]2023-07-05 11:57:13.424 [main]LoggerLoad-Launching apphttps://dsportalapp.herokuapp.com/
[INFO ]2023-07-05 11:57:24.064 [main]LoggerLoad-Scenario Failed
[INFO ]2023-07-05 11:57:24.116 [main]LoggerLoad-Closing App
[INFO ]2023-07-05 11:57:24.770 [main]LoggerLoad-Closing Driver
[INFO ]2023-07-05 12:13:55.603 [main]LoggerLoad-Launching apphttps://dsportalapp.herokuapp.com/
[INFO ]2023-07-05 12:14:36.267 [main]LoggerLoad-Launching apphttps://dsportalapp.herokuapp.com/
[INFO ]2023-07-05 12:17:45.267 [main]LoggerLoad-Launching apphttps://dsportalapp.herokuapp.com/
[INFO ]2023-07-05 12:26:06.764 [main]LoggerLoad-Launching apphttps://dsportalapp.herokuapp.com/
[INFO ]2023-07-05 12:26:11.646 [main]LoggerLoad-Closing App
[INFO ]2023-07-05 12:27:04.515 [main]LoggerLoad-Launching apphttps://dsportalapp.herokuapp.com/
[INFO ]2023-07-05 12:27:09.028 [main]LoggerLoad-Closing App
[INFO ]2023-07-05 12:55:46.363 [main]LoggerLoad-Launching apphttps://dsportalapp.herokuapp.com/
[INFO ]2023-07-05 12:55:52.197 [main]LoggerLoad-Scenario Failed
[INFO ]2023-07-05 12:55:52.746 [main]LoggerLoad-Closing App
[INFO ]2023-07-05 12:57:48.617 [main]LoggerLoad-Launching apphttps://dsportalapp.herokuapp.com/
[INFO ]2023-07-05 12:57:55.874 [main]LoggerLoad-Closing App
[INFO ]2023-07-05 12:58:34.713 [main]LoggerLoad-Launching apphttps://dsportalapp.herokuapp.com/
[INFO ]2023-07-05 12:58:52.182 [main]LoggerLoad-Scenario Failed
[INFO ]2023-07-05 12:59:02.926 [main]LoggerLoad-Scenario Failed
[INFO ]2023-07-05 12:59:13.616 [main]LoggerLoad-Scenario Failed
[INFO ]2023-07-05 12:59:24.063 [main]LoggerLoad-Scenario Failed
[INFO ]2023-07-05 12:59:34.434 [main]LoggerLoad-Scenario Failed
[INFO ]2023-07-05 12:59:46.294 [main]LoggerLoad-Scenario Failed
[INFO ]2023-07-05 13:04:20.207 [main]LoggerLoad-Launching apphttps://dsportalapp.herokuapp.com/
[INFO ]2023-07-05 13:04:47.092 [main]LoggerLoad-Scenario Failed
[INFO ]2023-07-05 13:04:47.316 [main]LoggerLoad-Closing App
[INFO ]2023-07-05 13:08:19.249 [main]LoggerLoad-Launching apphttps://dsportalapp.herokuapp.com/
[INFO ]2023-07-05 13:08:48.070 [main]LoggerLoad-Closing App
[INFO ]2023-07-05 13:16:33.784 [main]LoggerLoad-Launching apphttps://dsportalapp.herokuapp.com/
[INFO ]2023-07-05 13:17:10.444 [main]LoggerLoad-Scenario Failed
[INFO ]2023-07-05 13:17:20.745 [main]LoggerLoad-Scenario Failed
[INFO ]2023-07-05 13:17:31.141 [main]LoggerLoad-Scenario Failed
[INFO ]2023-07-05 13:17:41.522 [main]LoggerLoad-Scenario Failed
[INFO ]2023-07-05 13:17:51.930 [main]LoggerLoad-Scenario Failed
[INFO ]2023-07-05 13:18:02.283 [main]LoggerLoad-Scenario Failed
[INFO ]2023-07-05 13:18:12.537 [main]LoggerLoad-Scenario Failed
[INFO ]2023-07-05 13:18:22.904 [main]LoggerLoad-Scenario Failed
[INFO ]2023-07-05 13:18:33.464 [main]LoggerLoad-Scenario Failed
[INFO ]2023-07-05 13:18:43.818 [main]LoggerLoad-Scenario Failed
[INFO ]2023-07-05 13:18:54.100 [main]LoggerLoad-Scenario Failed
[INFO ]2023-07-05 13:19:04.461 [main]LoggerLoad-Scenario Failed
[INFO ]2023-07-05 13:19:14.732 [main]LoggerLoad-Scenario Failed
[INFO ]2023-07-05 13:19:25.085 [main]LoggerLoad-Scenario Failed
[INFO ]2023-07-05 13:19:35.332 [main]LoggerLoad-Scenario Failed
[INFO ]2023-07-05 13:19:45.614 [main]LoggerLoad-Scenario Failed
[INFO ]2023-07-05 13:19:56.231 [main]LoggerLoad-Scenario Failed
[INFO ]2023-07-05 13:20:06.883 [main]LoggerLoad-Scenario Failed
[INFO ]2023-07-05 13:20:13.193 [main]LoggerLoad-Scenario Failed
[INFO ]2023-07-05 13:20:13.379 [main]LoggerLoad-Scenario Failed
[INFO ]2023-07-05 13:20:13.520 [main]LoggerLoad-Scenario Failed
[INFO ]2023-07-05 13:20:13.618 [main]LoggerLoad-Scenario Failed
[INFO ]2023-07-05 13:20:13.732 [main]LoggerLoad-Scenario Failed
[INFO ]2023-07-05 13:20:13.844 [main]LoggerLoad-Scenario Failed
[INFO ]2023-07-05 13:20:13.898 [main]LoggerLoad-Scenario Failed
[INFO ]2023-07-05 13:20:14.123 [main]LoggerLoad-Closing App
[INFO ]2023-07-05 13:21:01.474 [main]LoggerLoad-Launching apphttps://dsportalapp.herokuapp.com/
[INFO ]2023-07-05 13:22:12.298 [main]LoggerLoad-Scenario Failed
[INFO ]2023-07-05 13:22:19.914 [main]LoggerLoad-Scenario Failed
[INFO ]2023-07-05 13:22:20.546 [main]LoggerLoad-Scenario Failed
[INFO ]2023-07-05 13:22:20.871 [main]LoggerLoad-Scenario Failed
[INFO ]2023-07-05 13:22:21.094 [main]LoggerLoad-Scenario Failed
[INFO ]2023-07-05 13:22:21.234 [main]LoggerLoad-Scenario Failed
[INFO ]2023-07-05 13:22:21.557 [main]LoggerLoad-Scenario Failed
[INFO ]2023-07-05 13:22:21.666 [main]LoggerLoad-Scenario Failed
[INFO ]2023-07-05 13:22:21.815 [main]LoggerLoad-Scenario Failed
[INFO ]2023-07-05 13:22:21.996 [main]LoggerLoad-Scenario Failed
[INFO ]2023-07-05 13:22:22.222 [main]LoggerLoad-Scenario Failed
[INFO ]2023-07-05 13:22:22.433 [main]LoggerLoad-Scenario Failed
[INFO ]2023-07-05 13:22:22.741 [main]LoggerLoad-Scenario Failed
[INFO ]2023-07-05 13:22:22.875 [main]LoggerLoad-Scenario Failed
[INFO ]2023-07-05 13:22:23.003 [main]LoggerLoad-Scenario Failed
[INFO ]2023-07-05 13:22:23.127 [main]LoggerLoad-Scenario Failed
[INFO ]2023-07-05 13:22:23.292 [main]LoggerLoad-Scenario Failed
[INFO ]2023-07-05 13:22:23.337 [main]LoggerLoad-Closing App
[INFO ]2023-07-05 13:24:19.448 [main]LoggerLoad-Launching apphttps://dsportalapp.herokuapp.com/
[INFO ]2023-07-05 13:25:38.792 [main]LoggerLoad-Scenario Failed
[INFO ]2023-07-05 13:25:57.864 [main]LoggerLoad-Scenario Failed
[INFO ]2023-07-05 13:26:03.352 [main]LoggerLoad-Scenario Failed
[INFO ]2023-07-05 13:26:08.089 [main]LoggerLoad-Scenario Failed
[INFO ]2023-07-05 13:26:14.083 [main]LoggerLoad-Scenario Failed
[INFO ]2023-07-05 13:26:33.072 [main]LoggerLoad-Closing App
[INFO ]2023-07-05 13:37:40.546 [main]LoggerLoad-Launching apphttps://dsportalapp.herokuapp.com/
[INFO ]2023-07-05 13:39:05.843 [main]LoggerLoad-Scenario Failed
[INFO ]2023-07-05 13:39:10.387 [main]LoggerLoad-Scenario Failed
[INFO ]2023-07-05 13:39:14.701 [main]LoggerLoad-Scenario Failed
[INFO ]2023-07-05 13:39:18.692 [main]LoggerLoad-Scenario Failed
[INFO ]2023-07-05 13:39:22.570 [main]LoggerLoad-Scenario Failed
[INFO ]2023-07-05 13:39:35.709 [main]LoggerLoad-Closing App
[INFO ]2023-07-05 13:46:26.317 [main]LoggerLoad-Launching apphttps://dsportalapp.herokuapp.com/
[INFO ]2023-07-05 13:47:28.601 [main]LoggerLoad-Scenario Failed
[INFO ]2023-07-05 13:47:39.113 [main]LoggerLoad-Scenario Failed
[INFO ]2023-07-05 13:47:39.426 [main]LoggerLoad-Scenario Failed
[INFO ]2023-07-05 13:47:39.496 [main]LoggerLoad-Scenario Failed
[INFO ]2023-07-05 13:47:39.568 [main]LoggerLoad-Scenario Failed
[INFO ]2023-07-05 13:47:39.668 [main]LoggerLoad-Scenario Failed
[INFO ]2023-07-05 13:47:39.821 [main]LoggerLoad-Scenario Failed
[INFO ]2023-07-05 13:47:39.946 [main]LoggerLoad-Scenario Failed
[INFO ]2023-07-05 13:47:40.043 [main]LoggerLoad-Scenario Failed
[INFO ]2023-07-05 13:47:40.134 [main]LoggerLoad-Scenario Failed
[INFO ]2023-07-05 13:47:40.184 [main]LoggerLoad-Scenario Failed
[INFO ]2023-07-05 13:47:40.308 [main]LoggerLoad-Scenario Failed
[INFO ]2023-07-05 13:47:40.388 [main]LoggerLoad-Scenario Failed
[INFO ]2023-07-05 13:47:40.590 [main]LoggerLoad-Scenario Failed
[INFO ]2023-07-05 13:47:40.662 [main]LoggerLoad-Scenario Failed
[INFO ]2023-07-05 13:47:40.757 [main]LoggerLoad-Scenario Failed
[INFO ]2023-07-05 13:47:40.885 [main]LoggerLoad-Scenario Failed
[INFO ]2023-07-05 13:47:40.939 [main]LoggerLoad-Closing App
[INFO ]2023-07-05 13:49:39.492 [main]LoggerLoad-Launching apphttps://dsportalapp.herokuapp.com/
[INFO ]2023-07-05 13:51:30.393 [main]LoggerLoad-Scenario Failed
[INFO ]2023-07-05 13:51:43.186 [main]LoggerLoad-Closing App
[INFO ]2023-07-05 13:59:27.037 [main]LoggerLoad-Launching apphttps://dsportalapp.herokuapp.com/
[INFO ]2023-07-05 14:01:36.292 [main]LoggerLoad-Closing App
[INFO ]2023-07-05 14:36:08.667 [main]LoggerLoad-Launching apphttps://dsportalapp.herokuapp.com/
[INFO ]2023-07-05 14:36:14.154 [main]LoggerLoad-Scenario Failed
[INFO ]2023-07-05 14:36:15.303 [main]LoggerLoad-Scenario Failed
[INFO ]2023-07-05 14:36:15.676 [main]LoggerLoad-Scenario Failed
[INFO ]2023-07-05 14:36:15.977 [main]LoggerLoad-Scenario Failed
[INFO ]2023-07-05 14:36:16.278 [main]LoggerLoad-Scenario Failed
[INFO ]2023-07-05 14:36:16.550 [main]LoggerLoad-Scenario Failed
[INFO ]2023-07-05 14:36:16.797 [main]LoggerLoad-Scenario Failed
[INFO ]2023-07-05 14:36:17.051 [main]LoggerLoad-Scenario Failed
[INFO ]2023-07-05 14:36:17.301 [main]LoggerLoad-Scenario Failed
[INFO ]2023-07-05 14:36:17.572 [main]LoggerLoad-Scenario Failed
[INFO ]2023-07-05 14:36:17.839 [main]LoggerLoad-Scenario Failed
[INFO ]2023-07-05 14:36:18.109 [main]LoggerLoad-Scenario Failed
[INFO ]2023-07-05 14:36:18.357 [main]LoggerLoad-Scenario Failed
[INFO ]2023-07-05 14:36:18.809 [main]LoggerLoad-Scenario Failed
[INFO ]2023-07-05 14:36:19.065 [main]LoggerLoad-Scenario Failed
[INFO ]2023-07-05 14:36:19.294 [main]LoggerLoad-Scenario Failed
[INFO ]2023-07-05 14:36:19.547 [main]LoggerLoad-Scenario Failed
[INFO ]2023-07-05 14:36:19.764 [main]LoggerLoad-Scenario Failed
[INFO ]2023-07-05 14:36:19.967 [main]LoggerLoad-Scenario Failed
[INFO ]2023-07-05 14:36:20.171 [main]LoggerLoad-Scenario Failed
[INFO ]2023-07-05 14:36:20.389 [main]LoggerLoad-Scenario Failed
[INFO ]2023-07-05 14:36:20.590 [main]LoggerLoad-Scenario Failed
[INFO ]2023-07-05 14:36:20.780 [main]LoggerLoad-Scenario Failed
[INFO ]2023-07-05 14:36:20.987 [main]LoggerLoad-Scenario Failed
[INFO ]2023-07-05 14:36:21.223 [main]LoggerLoad-Scenario Failed
[INFO ]2023-07-05 14:36:21.453 [main]LoggerLoad-Scenario Failed
[INFO ]2023-07-05 14:36:21.679 [main]LoggerLoad-Scenario Failed
[INFO ]2023-07-05 14:36:21.878 [main]LoggerLoad-Scenario Failed
[INFO ]2023-07-05 14:36:22.083 [main]LoggerLoad-Scenario Failed
[INFO ]2023-07-05 14:36:22.419 [main]LoggerLoad-Scenario Failed
[INFO ]2023-07-05 14:36:22.698 [main]LoggerLoad-Scenario Failed
[INFO ]2023-07-05 14:36:22.908 [main]LoggerLoad-Scenario Failed
[INFO ]2023-07-05 14:36:23.134 [main]LoggerLoad-Scenario Failed
[INFO ]2023-07-05 14:36:23.373 [main]LoggerLoad-Closing App
[INFO ]2023-07-05 14:39:30.544 [main]LoggerLoad-Launching apphttps://dsportalapp.herokuapp.com/
[INFO ]2023-07-05 14:39:35.722 [main]LoggerLoad-Scenario Failed
[INFO ]2023-07-05 14:39:36.318 [main]LoggerLoad-Scenario Failed
[INFO ]2023-07-05 14:39:36.612 [main]LoggerLoad-Scenario Failed
[INFO ]2023-07-05 14:39:36.881 [main]LoggerLoad-Scenario Failed
[INFO ]2023-07-05 14:39:37.341 [main]LoggerLoad-Scenario Failed
[INFO ]2023-07-05 14:39:37.755 [main]LoggerLoad-Scenario Failed
[INFO ]2023-07-05 14:39:37.996 [main]LoggerLoad-Scenario Failed
[INFO ]2023-07-05 14:39:38.249 [main]LoggerLoad-Scenario Failed
[INFO ]2023-07-05 14:39:38.508 [main]LoggerLoad-Scenario Failed
[INFO ]2023-07-05 14:39:38.751 [main]LoggerLoad-Scenario Failed
[INFO ]2023-07-05 14:39:38.959 [main]LoggerLoad-Scenario Failed
[INFO ]2023-07-05 14:39:39.195 [main]LoggerLoad-Scenario Failed
[INFO ]2023-07-05 14:39:39.473 [main]LoggerLoad-Scenario Failed
[INFO ]2023-07-05 14:39:39.700 [main]LoggerLoad-Scenario Failed
[INFO ]2023-07-05 14:39:39.918 [main]LoggerLoad-Scenario Failed
[INFO ]2023-07-05 14:39:40.214 [main]LoggerLoad-Scenario Failed
[INFO ]2023-07-05 14:39:40.459 [main]LoggerLoad-Scenario Failed
[INFO ]2023-07-05 14:39:40.719 [main]LoggerLoad-Scenario Failed
[INFO ]2023-07-05 14:39:41.007 [main]LoggerLoad-Scenario Failed
[INFO ]2023-07-05 14:39:41.239 [main]LoggerLoad-Scenario Failed
[INFO ]2023-07-05 14:39:41.459 [main]LoggerLoad-Scenario Failed
[INFO ]2023-07-05 14:39:41.684 [main]LoggerLoad-Scenario Failed
[INFO ]2023-07-05 14:39:41.895 [main]LoggerLoad-Scenario Failed
[INFO ]2023-07-05 14:39:42.109 [main]LoggerLoad-Scenario Failed
[INFO ]2023-07-05 14:39:42.329 [main]LoggerLoad-Scenario Failed
[INFO ]2023-07-05 14:39:42.515 [main]LoggerLoad-Scenario Failed
[INFO ]2023-07-05 14:39:42.694 [main]LoggerLoad-Scenario Failed
[INFO ]2023-07-05 14:39:42.884 [main]LoggerLoad-Scenario Failed
[INFO ]2023-07-05 14:39:43.104 [main]LoggerLoad-Scenario Failed
[INFO ]2023-07-05 14:39:43.301 [main]LoggerLoad-Scenario Failed
[INFO ]2023-07-05 14:39:43.498 [main]LoggerLoad-Scenario Failed
[INFO ]2023-07-05 14:39:43.799 [main]LoggerLoad-Scenario Failed
[INFO ]2023-07-05 14:39:44.062 [main]LoggerLoad-Scenario Failed
[INFO ]2023-07-05 14:39:44.282 [main]LoggerLoad-Closing App
[INFO ]2023-07-05 14:45:39.068 [main]LoggerLoad-Launching apphttps://dsportalapp.herokuapp.com/
[INFO ]2023-07-05 14:45:57.541 [main]LoggerLoad-Scenario Failed
[INFO ]2023-07-05 14:46:11.574 [main]LoggerLoad-Scenario Failed
[INFO ]2023-07-05 14:47:07.147 [main]LoggerLoad-Launching apphttps://dsportalapp.herokuapp.com/
[INFO ]2023-07-05 14:47:25.359 [main]LoggerLoad-Scenario Failed
[INFO ]2023-07-05 14:47:38.730 [main]LoggerLoad-Scenario Failed
[INFO ]2023-07-05 14:47:52.107 [main]LoggerLoad-Scenario Failed
[INFO ]2023-07-05 14:48:05.442 [main]LoggerLoad-Scenario Failed
[INFO ]2023-07-05 14:48:18.734 [main]LoggerLoad-Scenario Failed
[INFO ]2023-07-05 14:48:32.257 [main]LoggerLoad-Scenario Failed
[INFO ]2023-07-05 14:48:45.542 [main]LoggerLoad-Scenario Failed
[INFO ]2023-07-05 14:49:11.185 [main]LoggerLoad-Launching apphttps://dsportalapp.herokuapp.com/
[INFO ]2023-07-05 14:49:29.622 [main]LoggerLoad-Scenario Failed
[INFO ]2023-07-05 14:49:43.115 [main]LoggerLoad-Scenario Failed
[INFO ]2023-07-05 14:49:56.552 [main]LoggerLoad-Scenario Failed
[INFO ]2023-07-05 14:50:09.850 [main]LoggerLoad-Scenario Failed
[INFO ]2023-07-05 14:50:23.588 [main]LoggerLoad-Scenario Failed
[INFO ]2023-07-05 14:50:37.295 [main]LoggerLoad-Scenario Failed
[INFO ]2023-07-05 14:50:50.580 [main]LoggerLoad-Scenario Failed
[INFO ]2023-07-05 14:51:03.900 [main]LoggerLoad-Scenario Failed
[INFO ]2023-07-05 14:51:17.190 [main]LoggerLoad-Scenario Failed
[INFO ]2023-07-05 14:51:30.457 [main]LoggerLoad-Scenario Failed
[INFO ]2023-07-05 14:51:43.764 [main]LoggerLoad-Scenario Failed
[INFO ]2023-07-05 14:51:57.017 [main]LoggerLoad-Scenario Failed
[INFO ]2023-07-05 14:52:10.288 [main]LoggerLoad-Scenario Failed
[INFO ]2023-07-05 14:52:23.575 [main]LoggerLoad-Scenario Failed
[INFO ]2023-07-05 14:52:36.825 [main]LoggerLoad-Scenario Failed
[INFO ]2023-07-05 14:52:50.115 [main]LoggerLoad-Scenario Failed
[INFO ]2023-07-05 14:53:03.387 [main]LoggerLoad-Scenario Failed
[INFO ]2023-07-05 14:53:16.658 [main]LoggerLoad-Scenario Failed
[INFO ]2023-07-05 14:53:29.968 [main]LoggerLoad-Scenario Failed
[INFO ]2023-07-05 14:53:43.345 [main]LoggerLoad-Scenario Failed
[INFO ]2023-07-05 14:53:49.936 [main]LoggerLoad-Launching apphttps://dsportalapp.herokuapp.com/
[INFO ]2023-07-05 14:53:56.831 [main]LoggerLoad-Scenario Failed
[INFO ]2023-07-05 14:53:57.477 [main]LoggerLoad-Closing App
[INFO ]2023-07-05 14:54:01.331 [main]LoggerLoad-Scenario Failed
[INFO ]2023-07-05 14:54:04.945 [main]LoggerLoad-Scenario Failed
[INFO ]2023-07-05 14:54:08.262 [main]LoggerLoad-Scenario Failed
[INFO ]2023-07-05 14:54:11.363 [main]LoggerLoad-Scenario Failed
[INFO ]2023-07-05 14:54:14.762 [main]LoggerLoad-Scenario Failed
[INFO ]2023-07-05 14:54:14.812 [main]LoggerLoad-Closing App
[INFO ]2023-07-05 14:55:48.803 [main]LoggerLoad-Launching apphttps://dsportalapp.herokuapp.com/
[INFO ]2023-07-05 14:55:57.836 [main]LoggerLoad-Closing App
[INFO ]2023-07-05 15:04:45.705 [main]LoggerLoad-Launching apphttps://dsportalapp.herokuapp.com/
[INFO ]2023-07-05 15:04:59.485 [main]LoggerLoad-Scenario Failed
[INFO ]2023-07-05 15:05:02.314 [main]LoggerLoad-Scenario Failed
[INFO ]2023-07-05 15:05:02.834 [main]LoggerLoad-Scenario Failed
[INFO ]2023-07-05 15:05:03.070 [main]LoggerLoad-Scenario Failed
[INFO ]2023-07-05 15:05:03.335 [main]LoggerLoad-Scenario Failed
[INFO ]2023-07-05 15:05:03.652 [main]LoggerLoad-Scenario Failed
[INFO ]2023-07-05 15:05:03.805 [main]LoggerLoad-Scenario Failed
[INFO ]2023-07-05 15:05:03.995 [main]LoggerLoad-Scenario Failed
[INFO ]2023-07-05 15:05:04.139 [main]LoggerLoad-Scenario Failed
[INFO ]2023-07-05 15:05:04.262 [main]LoggerLoad-Scenario Failed
[INFO ]2023-07-05 15:05:04.412 [main]LoggerLoad-Scenario Failed
[INFO ]2023-07-05 15:05:04.543 [main]LoggerLoad-Scenario Failed
[INFO ]2023-07-05 15:05:04.712 [main]LoggerLoad-Scenario Failed
[INFO ]2023-07-05 15:05:04.789 [main]LoggerLoad-Scenario Failed
[INFO ]2023-07-05 15:05:04.877 [main]LoggerLoad-Scenario Failed
[INFO ]2023-07-05 15:05:04.974 [main]LoggerLoad-Scenario Failed
[INFO ]2023-07-05 15:05:05.062 [main]LoggerLoad-Scenario Failed
[INFO ]2023-07-05 15:05:05.130 [main]LoggerLoad-Scenario Failed
[INFO ]2023-07-05 15:05:05.207 [main]LoggerLoad-Scenario Failed
[INFO ]2023-07-05 15:05:05.281 [main]LoggerLoad-Scenario Failed
[INFO ]2023-07-05 15:05:05.337 [main]LoggerLoad-Scenario Failed
[INFO ]2023-07-05 15:05:05.390 [main]LoggerLoad-Scenario Failed
[INFO ]2023-07-05 15:05:05.426 [main]LoggerLoad-Closing App
[INFO ]2023-07-05 15:06:09.213 [main]LoggerLoad-Launching apphttps://dsportalapp.herokuapp.com/
[INFO ]2023-07-05 15:06:22.900 [main]LoggerLoad-Scenario Failed
[INFO ]2023-07-05 15:06:28.915 [main]LoggerLoad-Scenario Failed
[INFO ]2023-07-05 15:06:29.220 [main]LoggerLoad-Scenario Failed
[INFO ]2023-07-05 15:06:29.405 [main]LoggerLoad-Scenario Failed
[INFO ]2023-07-05 15:06:29.542 [main]LoggerLoad-Scenario Failed
[INFO ]2023-07-05 15:06:29.741 [main]LoggerLoad-Scenario Failed
[INFO ]2023-07-05 15:06:29.876 [main]LoggerLoad-Scenario Failed
[INFO ]2023-07-05 15:06:29.989 [main]LoggerLoad-Scenario Failed
[INFO ]2023-07-05 15:06:30.060 [main]LoggerLoad-Scenario Failed
[INFO ]2023-07-05 15:06:30.160 [main]LoggerLoad-Scenario Failed
[INFO ]2023-07-05 15:06:30.257 [main]LoggerLoad-Scenario Failed
[INFO ]2023-07-05 15:06:30.356 [main]LoggerLoad-Scenario Failed
[INFO ]2023-07-05 15:06:30.474 [main]LoggerLoad-Scenario Failed
[INFO ]2023-07-05 15:06:30.621 [main]LoggerLoad-Scenario Failed
[INFO ]2023-07-05 15:06:30.865 [main]LoggerLoad-Scenario Failed
[INFO ]2023-07-05 15:06:30.989 [main]LoggerLoad-Scenario Failed
[INFO ]2023-07-05 15:06:31.089 [main]LoggerLoad-Scenario Failed
[INFO ]2023-07-05 15:06:31.159 [main]LoggerLoad-Scenario Failed
[INFO ]2023-07-05 15:06:31.239 [main]LoggerLoad-Scenario Failed
[INFO ]2023-07-05 15:06:31.299 [main]LoggerLoad-Scenario Failed
[INFO ]2023-07-05 15:06:31.362 [main]LoggerLoad-Scenario Failed
[INFO ]2023-07-05 15:06:31.418 [main]LoggerLoad-Scenario Failed
[INFO ]2023-07-05 15:06:31.444 [main]LoggerLoad-Closing App
[INFO ]2023-07-05 15:10:09.028 [main]LoggerLoad-Launching apphttps://dsportalapp.herokuapp.com/
[INFO ]2023-07-05 15:10:30.574 [main]LoggerLoad-Closing App
[INFO ]2023-07-05 15:15:14.719 [main]LoggerLoad-Launching apphttps://dsportalapp.herokuapp.com/
[INFO ]2023-07-05 15:15:31.634 [main]LoggerLoad-Scenario Failed
[INFO ]2023-07-05 15:15:45.623 [main]LoggerLoad-Scenario Failed
[INFO ]2023-07-05 15:15:59.110 [main]LoggerLoad-Scenario Failed
[INFO ]2023-07-05 15:16:12.460 [main]LoggerLoad-Scenario Failed
[INFO ]2023-07-05 15:16:25.823 [main]LoggerLoad-Scenario Failed
[INFO ]2023-07-05 15:16:39.309 [main]LoggerLoad-Scenario Failed
[INFO ]2023-07-05 15:16:52.661 [main]LoggerLoad-Scenario Failed
[INFO ]2023-07-05 15:17:06.037 [main]LoggerLoad-Scenario Failed
[INFO ]2023-07-05 15:17:19.393 [main]LoggerLoad-Scenario Failed
[INFO ]2023-07-05 15:17:32.923 [main]LoggerLoad-Scenario Failed
[INFO ]2023-07-05 15:17:46.447 [main]LoggerLoad-Scenario Failed
[INFO ]2023-07-05 15:17:51.149 [main]LoggerLoad-Launching apphttps://dsportalapp.herokuapp.com/
[INFO ]2023-07-05 15:17:59.930 [main]LoggerLoad-Scenario Failed
[INFO ]2023-07-05 15:18:04.240 [main]LoggerLoad-Scenario Failed
[INFO ]2023-07-05 15:18:07.921 [main]LoggerLoad-Scenario Failed
[INFO ]2023-07-05 15:18:11.147 [main]LoggerLoad-Scenario Failed
[INFO ]2023-07-05 15:18:13.396 [main]LoggerLoad-Scenario Failed
[INFO ]2023-07-05 15:18:13.745 [main]LoggerLoad-Closing App
[INFO ]2023-07-05 15:18:14.285 [main]LoggerLoad-Scenario Failed
[INFO ]2023-07-05 15:18:17.661 [main]LoggerLoad-Scenario Failed
[INFO ]2023-07-05 15:18:21.168 [main]LoggerLoad-Scenario Failed
[INFO ]2023-07-05 15:18:24.356 [main]LoggerLoad-Scenario Failed
[INFO ]2023-07-05 15:18:27.423 [main]LoggerLoad-Scenario Failed
[INFO ]2023-07-05 15:18:30.484 [main]LoggerLoad-Scenario Failed
[INFO ]2023-07-05 15:18:33.612 [main]LoggerLoad-Scenario Failed
[INFO ]2023-07-05 15:18:36.677 [main]LoggerLoad-Scenario Failed
[INFO ]2023-07-05 15:18:39.739 [main]LoggerLoad-Scenario Failed
[INFO ]2023-07-05 15:18:42.796 [main]LoggerLoad-Scenario Failed
[INFO ]2023-07-05 15:18:42.826 [main]LoggerLoad-Closing App
[INFO ]2023-07-05 15:20:45.529 [main]LoggerLoad-Launching apphttps://dsportalapp.herokuapp.com/
[INFO ]2023-07-05 15:20:59.663 [main]LoggerLoad-Closing App
[INFO ]2023-07-05 15:21:44.071 [main]LoggerLoad-Launching apphttps://dsportalapp.herokuapp.com/
[INFO ]2023-07-05 15:21:57.922 [main]LoggerLoad-Scenario Failed
[INFO ]2023-07-05 15:22:11.851 [main]LoggerLoad-Scenario Failed
[INFO ]2023-07-05 15:22:25.345 [main]LoggerLoad-Scenario Failed
[INFO ]2023-07-05 15:22:38.703 [main]LoggerLoad-Scenario Failed
[INFO ]2023-07-05 15:22:52.141 [main]LoggerLoad-Scenario Failed
[INFO ]2023-07-05 15:23:05.552 [main]LoggerLoad-Scenario Failed
[INFO ]2023-07-05 15:23:18.933 [main]LoggerLoad-Scenario Failed
[INFO ]2023-07-05 15:23:32.300 [main]LoggerLoad-Scenario Failed
[INFO ]2023-07-05 15:23:45.610 [main]LoggerLoad-Scenario Failed
[INFO ]2023-07-05 15:23:58.971 [main]LoggerLoad-Scenario Failed
[INFO ]2023-07-05 15:24:02.328 [main]LoggerLoad-Scenario Failed
[INFO ]2023-07-05 15:24:05.390 [main]LoggerLoad-Scenario Failed
[INFO ]2023-07-05 15:24:08.470 [main]LoggerLoad-Scenario Failed
[INFO ]2023-07-05 15:24:08.496 [main]LoggerLoad-Closing App
[INFO ]2023-07-05 15:28:05.028 [main]LoggerLoad-Launching apphttps://dsportalapp.herokuapp.com/
[INFO ]2023-07-05 15:28:06.159 [main]LoggerLoad-Scenario Failed
[INFO ]2023-07-05 15:28:07.261 [main]LoggerLoad-Scenario Failed
[INFO ]2023-07-05 15:28:07.935 [main]LoggerLoad-Scenario Failed
[INFO ]2023-07-05 15:28:08.321 [main]LoggerLoad-Scenario Failed
[INFO ]2023-07-05 15:28:08.777 [main]LoggerLoad-Scenario Failed
[INFO ]2023-07-05 15:28:09.158 [main]LoggerLoad-Scenario Failed
[INFO ]2023-07-05 15:28:09.571 [main]LoggerLoad-Scenario Failed
[INFO ]2023-07-05 15:28:11.642 [main]LoggerLoad-Scenario Failed
[INFO ]2023-07-05 15:28:12.094 [main]LoggerLoad-Scenario Failed
[INFO ]2023-07-05 15:28:12.459 [main]LoggerLoad-Scenario Failed
[INFO ]2023-07-05 15:28:12.819 [main]LoggerLoad-Scenario Failed
[INFO ]2023-07-05 15:28:13.223 [main]LoggerLoad-Scenario Failed
[INFO ]2023-07-05 15:28:13.686 [main]LoggerLoad-Scenario Failed
[INFO ]2023-07-05 15:28:13.878 [main]LoggerLoad-Closing App
[INFO ]2023-07-05 15:30:56.055 [main]LoggerLoad-Launching apphttps://dsportalapp.herokuapp.com/
[INFO ]2023-07-05 15:30:57.397 [main]LoggerLoad-Scenario Failed
[INFO ]2023-07-05 15:30:58.319 [main]LoggerLoad-Scenario Failed
[INFO ]2023-07-05 15:30:58.904 [main]LoggerLoad-Scenario Failed
[INFO ]2023-07-05 15:30:59.483 [main]LoggerLoad-Scenario Failed
[INFO ]2023-07-05 15:30:59.899 [main]LoggerLoad-Scenario Failed
[INFO ]2023-07-05 15:31:00.269 [main]LoggerLoad-Scenario Failed
[INFO ]2023-07-05 15:31:00.601 [main]LoggerLoad-Scenario Failed
[INFO ]2023-07-05 15:31:00.981 [main]LoggerLoad-Scenario Failed
[INFO ]2023-07-05 15:31:01.454 [main]LoggerLoad-Scenario Failed
[INFO ]2023-07-05 15:31:01.926 [main]LoggerLoad-Scenario Failed
[INFO ]2023-07-05 15:31:02.468 [main]LoggerLoad-Scenario Failed
[INFO ]2023-07-05 15:31:02.934 [main]LoggerLoad-Scenario Failed
[INFO ]2023-07-05 15:31:03.445 [main]LoggerLoad-Scenario Failed
[INFO ]2023-07-05 15:31:03.656 [main]LoggerLoad-Closing App
[INFO ]2023-07-05 15:32:49.833 [main]LoggerLoad-Launching apphttps://dsportalapp.herokuapp.com/
[INFO ]2023-07-05 15:32:50.700 [main]LoggerLoad-Scenario Failed
[INFO ]2023-07-05 15:32:51.675 [main]LoggerLoad-Scenario Failed
[INFO ]2023-07-05 15:32:52.175 [main]LoggerLoad-Scenario Failed
[INFO ]2023-07-05 15:32:52.665 [main]LoggerLoad-Scenario Failed
[INFO ]2023-07-05 15:32:53.065 [main]LoggerLoad-Scenario Failed
[INFO ]2023-07-05 15:32:53.566 [main]LoggerLoad-Scenario Failed
[INFO ]2023-07-05 15:32:53.963 [main]LoggerLoad-Scenario Failed
[INFO ]2023-07-05 15:32:54.295 [main]LoggerLoad-Scenario Failed
[INFO ]2023-07-05 15:32:54.699 [main]LoggerLoad-Scenario Failed
[INFO ]2023-07-05 15:32:55.096 [main]LoggerLoad-Scenario Failed
[INFO ]2023-07-05 15:32:55.527 [main]LoggerLoad-Scenario Failed
[INFO ]2023-07-05 15:32:55.893 [main]LoggerLoad-Scenario Failed
[INFO ]2023-07-05 15:32:56.370 [main]LoggerLoad-Scenario Failed
[INFO ]2023-07-05 15:32:56.701 [main]LoggerLoad-Closing App
[INFO ]2023-07-05 15:46:28.173 [main]LoggerLoad-Launching apphttps://dsportalapp.herokuapp.com/
[INFO ]2023-07-05 15:46:32.658 [main]LoggerLoad-Scenario Failed
[INFO ]2023-07-05 15:46:33.240 [main]LoggerLoad-Scenario Failed
[INFO ]2023-07-05 15:46:33.642 [main]LoggerLoad-Scenario Failed
[INFO ]2023-07-05 15:46:33.901 [main]LoggerLoad-Scenario Failed
[INFO ]2023-07-05 15:46:34.272 [main]LoggerLoad-Scenario Failed
[INFO ]2023-07-05 15:46:34.629 [main]LoggerLoad-Scenario Failed
[INFO ]2023-07-05 15:46:34.871 [main]LoggerLoad-Scenario Failed
[INFO ]2023-07-05 15:46:35.124 [main]LoggerLoad-Scenario Failed
[INFO ]2023-07-05 15:46:35.377 [main]LoggerLoad-Scenario Failed
[INFO ]2023-07-05 15:46:35.666 [main]LoggerLoad-Scenario Failed
[INFO ]2023-07-05 15:46:35.922 [main]LoggerLoad-Scenario Failed
[INFO ]2023-07-05 15:46:36.234 [main]LoggerLoad-Scenario Failed
[INFO ]2023-07-05 15:46:36.540 [main]LoggerLoad-Scenario Failed
[INFO ]2023-07-05 15:46:36.822 [main]LoggerLoad-Closing App
[INFO ]2023-07-05 15:48:29.950 [main]LoggerLoad-Launching apphttps://dsportalapp.herokuapp.com/
[INFO ]2023-07-05 15:49:53.329 [main]LoggerLoad-Closing App
[INFO ]2023-07-05 15:51:26.819 [main]LoggerLoad-Launching apphttps://dsportalapp.herokuapp.com/
[INFO ]2023-07-05 15:51:46.867 [main]LoggerLoad-Closing App
[INFO ]2023-07-05 15:54:06.741 [main]LoggerLoad-Launching apphttps://dsportalapp.herokuapp.com/
[INFO ]2023-07-05 15:54:30.283 [main]LoggerLoad-Scenario Failed
[INFO ]2023-07-05 15:54:40.670 [main]LoggerLoad-Scenario Failed
[INFO ]2023-07-05 15:54:51.007 [main]LoggerLoad-Scenario Failed
[INFO ]2023-07-05 15:54:51.180 [main]LoggerLoad-Closing App
[INFO ]2023-07-05 15:59:15.338 [main]LoggerLoad-Launching apphttps://dsportalapp.herokuapp.com/
[INFO ]2023-07-05 15:59:35.383 [main]LoggerLoad-Closing App
[INFO ]2023-07-05 16:05:37.129 [main]LoggerLoad-Launching apphttps://dsportalapp.herokuapp.com/
[INFO ]2023-07-05 16:05:42.555 [main]LoggerLoad-Closing App
[INFO ]2023-07-05 16:07:32.390 [main]LoggerLoad-Launching apphttps://dsportalapp.herokuapp.com/
[INFO ]2023-07-05 16:07:53.061 [main]LoggerLoad-Closing App
[INFO ]2023-07-05 16:09:54.646 [main]LoggerLoad-Launching apphttps://dsportalapp.herokuapp.com/
[INFO ]2023-07-05 16:10:15.251 [main]LoggerLoad-Closing App
[INFO ]2023-07-05 16:13:18.553 [main]LoggerLoad-Launching apphttps://dsportalapp.herokuapp.com/
[INFO ]2023-07-05 16:13:23.129 [main]LoggerLoad-Scenario Failed
[INFO ]2023-07-05 16:15:29.022 [main]LoggerLoad-Scenario Failed
[INFO ]2023-07-05 16:15:59.903 [main]LoggerLoad-Scenario Failed
[INFO ]2023-07-05 16:16:13.459 [main]LoggerLoad-Scenario Failed
[INFO ]2023-07-05 16:16:44.393 [main]LoggerLoad-Scenario Failed
[INFO ]2023-07-05 16:18:32.679 [main]LoggerLoad-Launching apphttps://dsportalapp.herokuapp.com/
[INFO ]2023-07-05 16:18:37.161 [main]LoggerLoad-Scenario Failed
[INFO ]2023-07-05 16:23:58.483 [main]LoggerLoad-Launching apphttps://dsportalapp.herokuapp.com/
[INFO ]2023-07-05 16:24:02.890 [main]LoggerLoad-Scenario Failed
[INFO ]2023-07-05 16:25:52.471 [main]LoggerLoad-Scenario Failed
[INFO ]2023-07-05 16:25:52.660 [main]LoggerLoad-Scenario Failed
[INFO ]2023-07-05 16:25:52.857 [main]LoggerLoad-Scenario Failed
[INFO ]2023-07-05 16:25:53.019 [main]LoggerLoad-Scenario Failed
[INFO ]2023-07-05 16:25:53.194 [main]LoggerLoad-Scenario Failed
[INFO ]2023-07-05 16:25:53.389 [main]LoggerLoad-Scenario Failed
[INFO ]2023-07-05 16:25:53.594 [main]LoggerLoad-Scenario Failed
[INFO ]2023-07-05 16:25:53.882 [main]LoggerLoad-Scenario Failed
[INFO ]2023-07-05 16:25:54.099 [main]LoggerLoad-Scenario Failed
[INFO ]2023-07-05 16:25:54.326 [main]LoggerLoad-Scenario Failed
[INFO ]2023-07-05 16:25:54.631 [main]LoggerLoad-Scenario Failed
[INFO ]2023-07-05 16:25:54.863 [main]LoggerLoad-Scenario Failed
[INFO ]2023-07-05 16:25:55.062 [main]LoggerLoad-Scenario Failed
[INFO ]2023-07-05 16:25:55.262 [main]LoggerLoad-Scenario Failed
[INFO ]2023-07-05 16:25:55.464 [main]LoggerLoad-Scenario Failed
[INFO ]2023-07-05 16:25:55.711 [main]LoggerLoad-Scenario Failed
[INFO ]2023-07-05 16:25:55.921 [main]LoggerLoad-Scenario Failed
[INFO ]2023-07-05 16:25:56.143 [main]LoggerLoad-Scenario Failed
[INFO ]2023-07-05 16:25:56.355 [main]LoggerLoad-Scenario Failed
[INFO ]2023-07-05 16:25:56.534 [main]LoggerLoad-Scenario Failed
[INFO ]2023-07-05 16:25:56.735 [main]LoggerLoad-Scenario Failed
[INFO ]2023-07-05 16:25:56.925 [main]LoggerLoad-Scenario Failed
[INFO ]2023-07-05 16:25:57.084 [main]LoggerLoad-Scenario Failed
[INFO ]2023-07-05 16:25:57.332 [main]LoggerLoad-Scenario Failed
[INFO ]2023-07-05 16:25:57.568 [main]LoggerLoad-Scenario Failed
[INFO ]2023-07-05 16:25:57.749 [main]LoggerLoad-Scenario Failed
[INFO ]2023-07-05 16:25:57.938 [main]LoggerLoad-Scenario Failed
[INFO ]2023-07-05 16:25:58.104 [main]LoggerLoad-Scenario Failed
[INFO ]2023-07-05 16:25:58.276 [main]LoggerLoad-Scenario Failed
[INFO ]2023-07-05 16:25:58.445 [main]LoggerLoad-Scenario Failed
[INFO ]2023-07-05 16:25:58.643 [main]LoggerLoad-Scenario Failed
[INFO ]2023-07-05 16:25:58.816 [main]LoggerLoad-Scenario Failed
[INFO ]2023-07-05 16:25:58.995 [main]LoggerLoad-Scenario Failed
[INFO ]2023-07-05 16:25:59.196 [main]LoggerLoad-Closing App
[INFO ]2023-07-05 16:28:11.364 [main]LoggerLoad-Launching apphttps://dsportalapp.herokuapp.com/
[INFO ]2023-07-05 16:28:15.673 [main]LoggerLoad-Scenario Failed
[INFO ]2023-07-05 16:30:09.749 [main]LoggerLoad-Scenario Failed
[INFO ]2023-07-05 16:30:09.936 [main]LoggerLoad-Scenario Failed
[INFO ]2023-07-05 16:30:10.150 [main]LoggerLoad-Scenario Failed
[INFO ]2023-07-05 16:30:10.343 [main]LoggerLoad-Scenario Failed
[INFO ]2023-07-05 16:30:10.521 [main]LoggerLoad-Scenario Failed
[INFO ]2023-07-05 16:30:10.707 [main]LoggerLoad-Scenario Failed
[INFO ]2023-07-05 16:30:10.889 [main]LoggerLoad-Scenario Failed
[INFO ]2023-07-05 16:30:11.070 [main]LoggerLoad-Scenario Failed
[INFO ]2023-07-05 16:30:11.241 [main]LoggerLoad-Scenario Failed
[INFO ]2023-07-05 16:30:11.465 [main]LoggerLoad-Scenario Failed
[INFO ]2023-07-05 16:30:11.710 [main]LoggerLoad-Scenario Failed
[INFO ]2023-07-05 16:30:11.972 [main]LoggerLoad-Scenario Failed
[INFO ]2023-07-05 16:30:12.192 [main]LoggerLoad-Scenario Failed
[INFO ]2023-07-05 16:30:12.373 [main]LoggerLoad-Scenario Failed
[INFO ]2023-07-05 16:30:12.562 [main]LoggerLoad-Scenario Failed
[INFO ]2023-07-05 16:30:12.761 [main]LoggerLoad-Scenario Failed
[INFO ]2023-07-05 16:30:12.957 [main]LoggerLoad-Scenario Failed
[INFO ]2023-07-05 16:30:13.128 [main]LoggerLoad-Scenario Failed
[INFO ]2023-07-05 16:30:13.320 [main]LoggerLoad-Scenario Failed
[INFO ]2023-07-05 16:30:13.499 [main]LoggerLoad-Scenario Failed
[INFO ]2023-07-05 16:30:13.678 [main]LoggerLoad-Scenario Failed
[INFO ]2023-07-05 16:30:13.858 [main]LoggerLoad-Scenario Failed
[INFO ]2023-07-05 16:30:14.016 [main]LoggerLoad-Scenario Failed
[INFO ]2023-07-05 16:30:14.206 [main]LoggerLoad-Scenario Failed
[INFO ]2023-07-05 16:30:14.373 [main]LoggerLoad-Scenario Failed
[INFO ]2023-07-05 16:30:14.548 [main]LoggerLoad-Scenario Failed
[INFO ]2023-07-05 16:30:14.726 [main]LoggerLoad-Scenario Failed
[INFO ]2023-07-05 16:30:14.914 [main]LoggerLoad-Scenario Failed
[INFO ]2023-07-05 16:30:15.237 [main]LoggerLoad-Scenario Failed
[INFO ]2023-07-05 16:30:15.471 [main]LoggerLoad-Scenario Failed
[INFO ]2023-07-05 16:30:15.653 [main]LoggerLoad-Scenario Failed
[INFO ]2023-07-05 16:30:15.865 [main]LoggerLoad-Scenario Failed
[INFO ]2023-07-05 16:30:16.067 [main]LoggerLoad-Scenario Failed
[INFO ]2023-07-05 16:30:16.239 [main]LoggerLoad-Closing App
[INFO ]2023-07-05 16:33:36.390 [main]LoggerLoad-Launching apphttps://dsportalapp.herokuapp.com/
[INFO ]2023-07-05 16:33:48.730 [main]LoggerLoad-Closing App
[INFO ]2023-07-05 16:49:58.253 [main]LoggerLoad-Launching apphttps://dsportalapp.herokuapp.com/
[INFO ]2023-07-05 16:50:02.365 [main]LoggerLoad-Closing App
[INFO ]2023-07-05 16:52:54.549 [main]LoggerLoad-Launching apphttps://dsportalapp.herokuapp.com/
[INFO ]2023-07-05 16:52:59.153 [main]LoggerLoad-Scenario Failed
[INFO ]2023-07-05 16:54:40.527 [main]LoggerLoad-Scenario Failed
[INFO ]2023-07-05 16:54:40.719 [main]LoggerLoad-Scenario Failed
[INFO ]2023-07-05 16:54:40.940 [main]LoggerLoad-Scenario Failed
[INFO ]2023-07-05 16:54:41.150 [main]LoggerLoad-Scenario Failed
[INFO ]2023-07-05 16:54:41.336 [main]LoggerLoad-Scenario Failed
[INFO ]2023-07-05 16:54:41.523 [main]LoggerLoad-Scenario Failed
[INFO ]2023-07-05 16:54:41.731 [main]LoggerLoad-Scenario Failed
[INFO ]2023-07-05 16:54:41.919 [main]LoggerLoad-Scenario Failed
[INFO ]2023-07-05 16:54:42.256 [main]LoggerLoad-Scenario Failed
[INFO ]2023-07-05 16:54:42.470 [main]LoggerLoad-Scenario Failed
[INFO ]2023-07-05 16:54:42.646 [main]LoggerLoad-Scenario Failed
[INFO ]2023-07-05 16:54:42.857 [main]LoggerLoad-Scenario Failed
[INFO ]2023-07-05 16:54:43.141 [main]LoggerLoad-Scenario Failed
[INFO ]2023-07-05 16:54:43.371 [main]LoggerLoad-Scenario Failed
[INFO ]2023-07-05 16:54:43.574 [main]LoggerLoad-Scenario Failed
[INFO ]2023-07-05 16:54:43.760 [main]LoggerLoad-Scenario Failed
[INFO ]2023-07-05 16:54:43.999 [main]LoggerLoad-Scenario Failed
[INFO ]2023-07-05 16:54:44.183 [main]LoggerLoad-Scenario Failed
[INFO ]2023-07-05 16:54:44.367 [main]LoggerLoad-Scenario Failed
[INFO ]2023-07-05 16:54:44.547 [main]LoggerLoad-Scenario Failed
[INFO ]2023-07-05 16:54:44.724 [main]LoggerLoad-Scenario Failed
[INFO ]2023-07-05 16:54:44.935 [main]LoggerLoad-Scenario Failed
[INFO ]2023-07-05 16:54:45.165 [main]LoggerLoad-Scenario Failed
[INFO ]2023-07-05 16:54:45.340 [main]LoggerLoad-Scenario Failed
[INFO ]2023-07-05 16:54:45.517 [main]LoggerLoad-Scenario Failed
[INFO ]2023-07-05 16:54:45.707 [main]LoggerLoad-Scenario Failed
[INFO ]2023-07-05 16:54:45.969 [main]LoggerLoad-Scenario Failed
[INFO ]2023-07-05 16:54:46.138 [main]LoggerLoad-Scenario Failed
[INFO ]2023-07-05 16:54:46.322 [main]LoggerLoad-Scenario Failed
[INFO ]2023-07-05 16:54:46.549 [main]LoggerLoad-Scenario Failed
[INFO ]2023-07-05 16:54:46.764 [main]LoggerLoad-Scenario Failed
[INFO ]2023-07-05 16:54:46.942 [main]LoggerLoad-Scenario Failed
[INFO ]2023-07-05 16:54:47.193 [main]LoggerLoad-Scenario Failed
[INFO ]2023-07-05 16:54:47.376 [main]LoggerLoad-Closing App
[INFO ]2023-07-05 16:57:14.027 [main]LoggerLoad-Launching apphttps://dsportalapp.herokuapp.com/
[INFO ]2023-07-05 16:57:19.160 [main]LoggerLoad-Scenario Failed
[INFO ]2023-07-05 16:59:04.767 [main]LoggerLoad-Scenario Failed
[INFO ]2023-07-05 16:59:04.989 [main]LoggerLoad-Scenario Failed
[INFO ]2023-07-05 16:59:05.207 [main]LoggerLoad-Scenario Failed
[INFO ]2023-07-05 16:59:05.415 [main]LoggerLoad-Scenario Failed
[INFO ]2023-07-05 16:59:05.649 [main]LoggerLoad-Scenario Failed
[INFO ]2023-07-05 16:59:05.868 [main]LoggerLoad-Scenario Failed
[INFO ]2023-07-05 16:59:06.230 [main]LoggerLoad-Scenario Failed
[INFO ]2023-07-05 16:59:06.504 [main]LoggerLoad-Scenario Failed
[INFO ]2023-07-05 16:59:07.249 [main]LoggerLoad-Scenario Failed
[INFO ]2023-07-05 16:59:07.794 [main]LoggerLoad-Scenario Failed
[INFO ]2023-07-05 16:59:08.348 [main]LoggerLoad-Scenario Failed
[INFO ]2023-07-05 16:59:08.925 [main]LoggerLoad-Scenario Failed
[INFO ]2023-07-05 16:59:09.525 [main]LoggerLoad-Scenario Failed
[INFO ]2023-07-05 16:59:10.269 [main]LoggerLoad-Scenario Failed
[INFO ]2023-07-05 16:59:11.071 [main]LoggerLoad-Scenario Failed
[INFO ]2023-07-05 16:59:11.857 [main]LoggerLoad-Scenario Failed
[INFO ]2023-07-05 16:59:12.198 [main]LoggerLoad-Scenario Failed
[INFO ]2023-07-05 16:59:12.537 [main]LoggerLoad-Scenario Failed
[INFO ]2023-07-05 16:59:12.876 [main]LoggerLoad-Scenario Failed
[INFO ]2023-07-05 16:59:13.286 [main]LoggerLoad-Scenario Failed
[INFO ]2023-07-05 16:59:13.690 [main]LoggerLoad-Scenario Failed
[INFO ]2023-07-05 16:59:14.123 [main]LoggerLoad-Scenario Failed
[INFO ]2023-07-05 16:59:14.523 [main]LoggerLoad-Scenario Failed
[INFO ]2023-07-05 16:59:14.821 [main]LoggerLoad-Scenario Failed
[INFO ]2023-07-05 16:59:15.139 [main]LoggerLoad-Scenario Failed
[INFO ]2023-07-05 16:59:15.457 [main]LoggerLoad-Scenario Failed
[INFO ]2023-07-05 16:59:15.857 [main]LoggerLoad-Scenario Failed
[INFO ]2023-07-05 16:59:16.223 [main]LoggerLoad-Scenario Failed
[INFO ]2023-07-05 16:59:16.538 [main]LoggerLoad-Scenario Failed
[INFO ]2023-07-05 16:59:16.991 [main]LoggerLoad-Scenario Failed
[INFO ]2023-07-05 16:59:17.326 [main]LoggerLoad-Scenario Failed
[INFO ]2023-07-05 16:59:17.835 [main]LoggerLoad-Scenario Failed
[INFO ]2023-07-05 16:59:18.130 [main]LoggerLoad-Scenario Failed
[INFO ]2023-07-05 16:59:18.342 [main]LoggerLoad-Closing App
[INFO ]2023-07-05 17:02:43.759 [main]LoggerLoad-Launching apphttps://dsportalapp.herokuapp.com/
[INFO ]2023-07-05 17:02:48.248 [main]LoggerLoad-Scenario Failed
[INFO ]2023-07-05 17:04:29.392 [main]LoggerLoad-Scenario Failed
[INFO ]2023-07-05 17:04:29.584 [main]LoggerLoad-Scenario Failed
[INFO ]2023-07-05 17:04:29.768 [main]LoggerLoad-Scenario Failed
[INFO ]2023-07-05 17:04:29.982 [main]LoggerLoad-Scenario Failed
[INFO ]2023-07-05 17:04:30.201 [main]LoggerLoad-Scenario Failed
[INFO ]2023-07-05 17:04:30.417 [main]LoggerLoad-Scenario Failed
[INFO ]2023-07-05 17:04:30.586 [main]LoggerLoad-Scenario Failed
[INFO ]2023-07-05 17:04:30.776 [main]LoggerLoad-Scenario Failed
[INFO ]2023-07-05 17:04:30.951 [main]LoggerLoad-Scenario Failed
[INFO ]2023-07-05 17:04:31.171 [main]LoggerLoad-Scenario Failed
[INFO ]2023-07-05 17:04:31.426 [main]LoggerLoad-Scenario Failed
[INFO ]2023-07-05 17:04:31.697 [main]LoggerLoad-Scenario Failed
[INFO ]2023-07-05 17:04:32.029 [main]LoggerLoad-Scenario Failed
[INFO ]2023-07-05 17:04:32.305 [main]LoggerLoad-Scenario Failed
[INFO ]2023-07-05 17:04:32.539 [main]LoggerLoad-Scenario Failed
[INFO ]2023-07-05 17:04:32.766 [main]LoggerLoad-Scenario Failed
[INFO ]2023-07-05 17:04:32.944 [main]LoggerLoad-Scenario Failed
[INFO ]2023-07-05 17:04:33.132 [main]LoggerLoad-Scenario Failed
[INFO ]2023-07-05 17:04:33.376 [main]LoggerLoad-Scenario Failed
[INFO ]2023-07-05 17:04:33.579 [main]LoggerLoad-Scenario Failed
[INFO ]2023-07-05 17:04:33.775 [main]LoggerLoad-Scenario Failed
[INFO ]2023-07-05 17:04:33.958 [main]LoggerLoad-Scenario Failed
[INFO ]2023-07-05 17:04:34.116 [main]LoggerLoad-Scenario Failed
[INFO ]2023-07-05 17:04:34.287 [main]LoggerLoad-Scenario Failed
[INFO ]2023-07-05 17:04:34.478 [main]LoggerLoad-Scenario Failed
[INFO ]2023-07-05 17:04:34.667 [main]LoggerLoad-Scenario Failed
[INFO ]2023-07-05 17:04:34.852 [main]LoggerLoad-Scenario Failed
[INFO ]2023-07-05 17:04:35.041 [main]LoggerLoad-Scenario Failed
[INFO ]2023-07-05 17:04:35.232 [main]LoggerLoad-Scenario Failed
[INFO ]2023-07-05 17:04:35.440 [main]LoggerLoad-Scenario Failed
[INFO ]2023-07-05 17:04:35.658 [main]LoggerLoad-Scenario Failed
[INFO ]2023-07-05 17:04:35.865 [main]LoggerLoad-Scenario Failed
[INFO ]2023-07-05 17:04:36.051 [main]LoggerLoad-Scenario Failed
[INFO ]2023-07-05 17:04:36.231 [main]LoggerLoad-Closing App
[INFO ]2023-07-05 19:00:50.176 [main]LoggerLoad-Launching apphttps://dsportalapp.herokuapp.com/
[INFO ]2023-07-05 19:00:54.756 [main]LoggerLoad-Scenario Failed
[INFO ]2023-07-05 19:02:36.885 [main]LoggerLoad-Scenario Failed
[INFO ]2023-07-05 19:02:37.100 [main]LoggerLoad-Scenario Failed
[INFO ]2023-07-05 19:02:37.286 [main]LoggerLoad-Scenario Failed
[INFO ]2023-07-05 19:02:37.453 [main]LoggerLoad-Scenario Failed
[INFO ]2023-07-05 19:02:37.622 [main]LoggerLoad-Scenario Failed
[INFO ]2023-07-05 19:02:37.802 [main]LoggerLoad-Scenario Failed
[INFO ]2023-07-05 19:02:38.004 [main]LoggerLoad-Scenario Failed
[INFO ]2023-07-05 19:02:38.223 [main]LoggerLoad-Scenario Failed
[INFO ]2023-07-05 19:02:38.409 [main]LoggerLoad-Scenario Failed
[INFO ]2023-07-05 19:02:38.601 [main]LoggerLoad-Scenario Failed
[INFO ]2023-07-05 19:02:38.791 [main]LoggerLoad-Scenario Failed
[INFO ]2023-07-05 19:02:38.995 [main]LoggerLoad-Scenario Failed
[INFO ]2023-07-05 19:02:39.203 [main]LoggerLoad-Scenario Failed
[INFO ]2023-07-05 19:02:39.390 [main]LoggerLoad-Scenario Failed
[INFO ]2023-07-05 19:02:39.586 [main]LoggerLoad-Scenario Failed
[INFO ]2023-07-05 19:02:39.768 [main]LoggerLoad-Scenario Failed
[INFO ]2023-07-05 19:02:39.963 [main]LoggerLoad-Scenario Failed
[INFO ]2023-07-05 19:02:40.214 [main]LoggerLoad-Scenario Failed
[INFO ]2023-07-05 19:02:40.439 [main]LoggerLoad-Scenario Failed
[INFO ]2023-07-05 19:02:40.648 [main]LoggerLoad-Scenario Failed
[INFO ]2023-07-05 19:02:40.848 [main]LoggerLoad-Scenario Failed
[INFO ]2023-07-05 19:02:41.051 [main]LoggerLoad-Scenario Failed
[INFO ]2023-07-05 19:02:41.262 [main]LoggerLoad-Scenario Failed
[INFO ]2023-07-05 19:02:41.467 [main]LoggerLoad-Scenario Failed
[INFO ]2023-07-05 19:02:41.669 [main]LoggerLoad-Scenario Failed
[INFO ]2023-07-05 19:02:41.861 [main]LoggerLoad-Scenario Failed
[INFO ]2023-07-05 19:02:42.058 [main]LoggerLoad-Scenario Failed
[INFO ]2023-07-05 19:02:42.274 [main]LoggerLoad-Scenario Failed
[INFO ]2023-07-05 19:02:42.505 [main]LoggerLoad-Scenario Failed
[INFO ]2023-07-05 19:02:42.704 [main]LoggerLoad-Scenario Failed
[INFO ]2023-07-05 19:02:42.910 [main]LoggerLoad-Scenario Failed
[INFO ]2023-07-05 19:02:43.120 [main]LoggerLoad-Scenario Failed
[INFO ]2023-07-05 19:02:43.386 [main]LoggerLoad-Scenario Failed
[INFO ]2023-07-05 19:02:43.613 [main]LoggerLoad-Closing App
[INFO ]2023-07-05 19:04:09.846 [main]LoggerLoad-Launching apphttps://dsportalapp.herokuapp.com/
[INFO ]2023-07-05 19:04:14.423 [main]LoggerLoad-Scenario Failed
[INFO ]2023-07-05 19:06:57.949 [main]LoggerLoad-Closing App
[INFO ]2023-07-05 19:19:14.020 [main]LoggerLoad-Launching apphttps://dsportalapp.herokuapp.com/
[INFO ]2023-07-05 19:19:42.705 [main]LoggerLoad-Scenario Failed
[INFO ]2023-07-05 19:20:51.675 [main]LoggerLoad-Launching apphttps://dsportalapp.herokuapp.com/
[INFO ]2023-07-05 19:24:24.787 [main]LoggerLoad-Closing App
[INFO ]2023-07-05 19:45:37.867 [main]LoggerLoad-Launching apphttps://dsportalapp.herokuapp.com/
[INFO ]2023-07-05 19:45:42.637 [main]LoggerLoad-Scenario Failed
[INFO ]2023-07-05 19:45:43.844 [main]LoggerLoad-Scenario Failed
[INFO ]2023-07-05 19:45:44.170 [main]LoggerLoad-Closing App
[INFO ]2023-07-05 19:54:42.022 [main]LoggerLoad-Launching apphttps://dsportalapp.herokuapp.com/
[INFO ]2023-07-05 19:54:47.214 [main]LoggerLoad-Scenario Failed
[INFO ]2023-07-05 19:54:48.519 [main]LoggerLoad-Scenario Failed
[INFO ]2023-07-05 19:54:48.786 [main]LoggerLoad-Closing App
[INFO ]2023-07-05 19:57:45.364 [main]LoggerLoad-Launching apphttps://dsportalapp.herokuapp.com/
[INFO ]2023-07-05 19:58:00.619 [main]LoggerLoad-Scenario Failed
[INFO ]2023-07-05 19:58:16.457 [main]LoggerLoad-Scenario Failed
[INFO ]2023-07-05 19:58:16.851 [main]LoggerLoad-Closing App
[INFO ]2023-07-05 20:01:34.748 [main]LoggerLoad-Launching apphttps://dsportalapp.herokuapp.com/
[INFO ]2023-07-05 20:01:50.338 [main]LoggerLoad-Scenario Failed
[INFO ]2023-07-05 20:02:04.768 [main]LoggerLoad-Scenario Failed
[INFO ]2023-07-05 20:02:05.050 [main]LoggerLoad-Closing App
[INFO ]2023-07-05 20:10:23.868 [main]LoggerLoad-Launching apphttps://dsportalapp.herokuapp.com/
[INFO ]2023-07-05 20:10:28.648 [main]LoggerLoad-Closing App
[INFO ]2023-07-05 20:25:44.034 [main]LoggerLoad-Launching apphttps://dsportalapp.herokuapp.com/
[INFO ]2023-07-05 20:25:48.497 [main]LoggerLoad-Closing App
[INFO ]2023-07-05 21:00:17.693 [main]LoggerLoad-Launching apphttps://dsportalapp.herokuapp.com/
[INFO ]2023-07-05 21:00:42.991 [main]LoggerLoad-Scenario Failed
[INFO ]2023-07-05 21:00:43.398 [main]LoggerLoad-Closing App
[INFO ]2023-07-05 21:24:25.924 [main]LoggerLoad-Launching apphttps://dsportalapp.herokuapp.com/
[INFO ]2023-07-05 21:24:51.495 [main]LoggerLoad-Scenario Failed
[INFO ]2023-07-05 21:24:52.350 [main]LoggerLoad-Closing App
[INFO ]2023-07-05 21:27:49.821 [main]LoggerLoad-Launching apphttps://dsportalapp.herokuapp.com/
[INFO ]2023-07-05 21:28:15.288 [main]LoggerLoad-Scenario Failed
[INFO ]2023-07-05 21:28:15.731 [main]LoggerLoad-Closing App
[INFO ]2023-07-05 21:37:24.501 [main]LoggerLoad-Launching apphttps://dsportalapp.herokuapp.com/
[INFO ]2023-07-05 21:37:34.332 [main]LoggerLoad-Closing App
[INFO ]2023-07-05 21:40:44.876 [main]LoggerLoad-Launching apphttps://dsportalapp.herokuapp.com/
[INFO ]2023-07-05 21:40:55.556 [main]LoggerLoad-Scenario Failed
[INFO ]2023-07-05 21:40:56.121 [main]LoggerLoad-Closing App
[INFO ]2023-07-05 21:41:27.156 [main]LoggerLoad-Launching apphttps://dsportalapp.herokuapp.com/
[INFO ]2023-07-05 21:41:40.012 [main]LoggerLoad-Scenario Failed
[INFO ]2023-07-05 21:41:40.498 [main]LoggerLoad-Closing App
[INFO ]2023-07-05 21:45:00.793 [main]LoggerLoad-Launching apphttps://dsportalapp.herokuapp.com/
[INFO ]2023-07-05 21:45:11.491 [main]LoggerLoad-Closing App
[INFO ]2023-07-05 21:46:16.489 [main]LoggerLoad-Launching apphttps://dsportalapp.herokuapp.com/
[INFO ]2023-07-05 21:48:11.804 [main]LoggerLoad-Scenario Failed
[INFO ]2023-07-05 21:49:23.778 [main]LoggerLoad-Closing App
[INFO ]2023-07-05 21:58:46.824 [main]LoggerLoad-Launching apphttps://dsportalapp.herokuapp.com/
[INFO ]2023-07-05 21:58:49.815 [main]LoggerLoad-Closing App
[INFO ]2023-07-05 21:59:28.381 [main]LoggerLoad-Launching apphttps://dsportalapp.herokuapp.com/
[INFO ]2023-07-05 21:59:52.006 [main]LoggerLoad-Scenario Failed
[INFO ]2023-07-05 22:02:44.232 [main]LoggerLoad-Launching apphttps://dsportalapp.herokuapp.com/
[INFO ]2023-07-05 22:02:57.032 [main]LoggerLoad-Scenario Failed
[INFO ]2023-07-05 22:03:28.301 [main]LoggerLoad-Scenario Failed
[INFO ]2023-07-05 22:10:34.632 [main]LoggerLoad-Launching apphttps://dsportalapp.herokuapp.com/
[INFO ]2023-07-05 22:11:08.792 [main]LoggerLoad-Scenario Failed
[INFO ]2023-07-05 22:11:39.694 [main]LoggerLoad-Scenario Failed
[INFO ]2023-07-05 22:12:10.622 [main]LoggerLoad-Scenario Failed
[INFO ]2023-07-05 22:12:41.490 [main]LoggerLoad-Scenario Failed
[INFO ]2023-07-05 22:13:12.339 [main]LoggerLoad-Scenario Failed
[INFO ]2023-07-05 22:13:43.256 [main]LoggerLoad-Scenario Failed
[INFO ]2023-07-05 22:14:14.128 [main]LoggerLoad-Scenario Failed
[INFO ]2023-07-05 22:14:45.082 [main]LoggerLoad-Scenario Failed
[INFO ]2023-07-05 22:15:15.981 [main]LoggerLoad-Scenario Failed
[INFO ]2023-07-05 22:15:46.794 [main]LoggerLoad-Scenario Failed
[INFO ]2023-07-05 22:16:17.657 [main]LoggerLoad-Scenario Failed
[INFO ]2023-07-05 22:16:48.499 [main]LoggerLoad-Scenario Failed
[INFO ]2023-07-05 22:17:19.399 [main]LoggerLoad-Scenario Failed
[INFO ]2023-07-05 22:17:50.264 [main]LoggerLoad-Scenario Failed
[INFO ]2023-07-05 22:18:21.114 [main]LoggerLoad-Scenario Failed
[INFO ]2023-07-05 22:18:52.029 [main]LoggerLoad-Scenario Failed
[INFO ]2023-07-05 22:19:22.905 [main]LoggerLoad-Scenario Failed
[INFO ]2023-07-05 22:19:53.767 [main]LoggerLoad-Scenario Failed
[INFO ]2023-07-05 22:20:24.607 [main]LoggerLoad-Scenario Failed
[INFO ]2023-07-05 22:20:55.475 [main]LoggerLoad-Scenario Failed
[INFO ]2023-07-05 22:21:26.301 [main]LoggerLoad-Scenario Failed
[INFO ]2023-07-05 22:21:26.547 [main]LoggerLoad-Closing App
[INFO ]2023-07-05 22:58:01.281 [main]LoggerLoad-Launching apphttps://dsportalapp.herokuapp.com/
[INFO ]2023-07-05 22:58:46.052 [main]LoggerLoad-Scenario Failed
[INFO ]2023-07-05 22:59:09.545 [main]LoggerLoad-Scenario Failed
[INFO ]2023-07-05 22:59:30.216 [main]LoggerLoad-Scenario Failed
[INFO ]2023-07-05 22:59:50.832 [main]LoggerLoad-Scenario Failed
[INFO ]2023-07-05 23:00:12.310 [main]LoggerLoad-Scenario Failed
[INFO ]2023-07-05 23:00:32.831 [main]LoggerLoad-Scenario Failed
[INFO ]2023-07-05 23:00:33.023 [main]LoggerLoad-Closing App
[INFO ]2023-07-05 23:02:08.461 [main]LoggerLoad-Launching apphttps://dsportalapp.herokuapp.com/
[INFO ]2023-07-05 23:02:58.473 [main]LoggerLoad-Scenario Failed
[INFO ]2023-07-05 23:06:42.635 [main]LoggerLoad-Scenario Failed
[INFO ]2023-07-05 23:06:42.710 [main]LoggerLoad-Scenario Failed
[INFO ]2023-07-05 23:06:42.752 [main]LoggerLoad-Scenario Failed
[INFO ]2023-07-05 23:06:42.801 [main]LoggerLoad-Scenario Failed
[INFO ]2023-07-05 23:06:42.851 [main]LoggerLoad-Scenario Failed
[INFO ]2023-07-05 23:06:42.909 [main]LoggerLoad-Scenario Failed
[INFO ]2023-07-05 23:06:42.993 [main]LoggerLoad-Scenario Failed
[INFO ]2023-07-05 23:06:43.088 [main]LoggerLoad-Scenario Failed
[INFO ]2023-07-05 23:06:43.198 [main]LoggerLoad-Scenario Failed
[INFO ]2023-07-05 23:06:43.269 [main]LoggerLoad-Scenario Failed
[INFO ]2023-07-05 23:06:43.330 [main]LoggerLoad-Scenario Failed
[INFO ]2023-07-05 23:06:43.391 [main]LoggerLoad-Scenario Failed
[INFO ]2023-07-05 23:06:43.462 [main]LoggerLoad-Scenario Failed
[INFO ]2023-07-05 23:06:43.510 [main]LoggerLoad-Scenario Failed
[INFO ]2023-07-05 23:06:43.564 [main]LoggerLoad-Scenario Failed
[INFO ]2023-07-05 23:06:43.609 [main]LoggerLoad-Closing App
[INFO ]2023-07-05 23:09:07.459 [main]LoggerLoad-Launching apphttps://dsportalapp.herokuapp.com/
[INFO ]2023-07-05 23:09:56.724 [main]LoggerLoad-Scenario Failed
[INFO ]2023-07-05 23:13:32.483 [main]LoggerLoad-Closing App
[INFO ]2023-07-05 23:23:15.991 [main]LoggerLoad-Launching apphttps://dsportalapp.herokuapp.com/
[INFO ]2023-07-05 23:24:08.772 [main]LoggerLoad-Scenario Failed
[INFO ]2023-07-05 23:27:11.386 [main]LoggerLoad-Closing App
[INFO ]2023-07-05 23:34:55.243 [main]LoggerLoad-Launching apphttps://dsportalapp.herokuapp.com/
[INFO ]2023-07-05 23:35:45.026 [main]LoggerLoad-Scenario Failed
[INFO ]2023-07-05 23:41:14.621 [main]LoggerLoad-Closing App
[INFO ]2023-07-05 23:48:13.093 [main]LoggerLoad-Launching apphttps://dsportalapp.herokuapp.com/
[INFO ]2023-07-05 23:49:02.589 [main]LoggerLoad-Scenario Failed
[INFO ]2023-07-05 23:54:55.466 [main]LoggerLoad-Closing App
[INFO ]2023-07-06 00:13:15.468 [main]LoggerLoad-Launching apphttps://dsportalapp.herokuapp.com/
[INFO ]2023-07-06 00:14:36.348 [main]LoggerLoad-Scenario Failed
[INFO ]2023-07-06 00:14:37.894 [main]LoggerLoad-Scenario Failed
[INFO ]2023-07-06 00:14:39.286 [main]LoggerLoad-Scenario Failed
[INFO ]2023-07-06 00:16:36.399 [main]LoggerLoad-Scenario Failed
[INFO ]2023-07-06 00:16:37.894 [main]LoggerLoad-Scenario Failed
[INFO ]2023-07-06 00:16:43.354 [main]LoggerLoad-Scenario Failed
[INFO ]2023-07-06 00:16:44.337 [main]LoggerLoad-Scenario Failed
[INFO ]2023-07-06 00:19:15.520 [main]LoggerLoad-Closing App
[INFO ]2023-07-06 00:23:33.215 [main]LoggerLoad-Launching apphttps://dsportalapp.herokuapp.com/
[INFO ]2023-07-06 00:29:17.135 [main]LoggerLoad-Closing App
[INFO ]2023-07-06 09:55:52.552 [main]LoggerLoad-Launching apphttps://dsportalapp.herokuapp.com/
[INFO ]2023-07-06 09:56:26.957 [main]LoggerLoad-Scenario Failed
[INFO ]2023-07-06 09:59:37.378 [main]LoggerLoad-Closing App
[INFO ]2023-07-06 20:23:11.544 [main]LoggerLoad-Launching apphttps://dsportalapp.herokuapp.com/
[INFO ]2023-07-06 20:23:46.128 [main]LoggerLoad-Scenario Failed
[INFO ]2023-07-06 20:27:51.232 [main]LoggerLoad-Scenario Failed
[INFO ]2023-07-06 20:29:45.089 [main]LoggerLoad-Scenario Failed
[INFO ]2023-07-06 20:30:05.552 [main]LoggerLoad-Closing App
[INFO ]2023-07-06 23:49:06.932 [main]LoggerLoad-Launching apphttps://dsportalapp.herokuapp.com/
[INFO ]2023-07-06 23:49:09.193 [main]LoggerLoad-from homePage :  https://dsportalapp.herokuapp.com/home
[INFO ]2023-07-06 23:49:09.231 [main]LoggerLoad-User Clicks on Drop Down DataStructures Button
[INFO ]2023-07-06 23:49:10.840 [main]LoggerLoad-from homePage :  https://dsportalapp.herokuapp.com/home
[INFO ]2023-07-06 23:49:10.864 [main]LoggerLoad-User Clicks on Drop Down DataStructures Button
[INFO ]2023-07-06 23:49:12.103 [main]LoggerLoad-from homePage :  https://dsportalapp.herokuapp.com/home
[INFO ]2023-07-06 23:49:12.109 [main]LoggerLoad-User Clicks on Drop Down DataStructures Button
[INFO ]2023-07-06 23:49:13.176 [main]LoggerLoad-from homePage :  https://dsportalapp.herokuapp.com/home
[INFO ]2023-07-06 23:49:13.181 [main]LoggerLoad-User Clicks on Drop Down DataStructures Button
[INFO ]2023-07-06 23:49:14.344 [main]LoggerLoad-from homePage :  https://dsportalapp.herokuapp.com/home
[INFO ]2023-07-06 23:49:14.348 [main]LoggerLoad-User Clicks on Drop Down DataStructures Button
[INFO ]2023-07-06 23:49:15.433 [main]LoggerLoad-from homePage :  https://dsportalapp.herokuapp.com/home
[INFO ]2023-07-06 23:49:15.437 [main]LoggerLoad-User Clicks on Drop Down DataStructures Button
[INFO ]2023-07-06 23:49:16.620 [main]LoggerLoad-from homePage :  https://dsportalapp.herokuapp.com/home
[INFO ]2023-07-06 23:49:17.360 [main]LoggerLoad-from homePage :  https://dsportalapp.herokuapp.com/home
[INFO ]2023-07-06 23:49:18.128 [main]LoggerLoad-from homePage :  https://dsportalapp.herokuapp.com/home
[INFO ]2023-07-06 23:49:18.868 [main]LoggerLoad-from homePage :  https://dsportalapp.herokuapp.com/home
[INFO ]2023-07-06 23:49:19.705 [main]LoggerLoad-from homePage :  https://dsportalapp.herokuapp.com/home
[INFO ]2023-07-06 23:49:20.617 [main]LoggerLoad-from homePage :  https://dsportalapp.herokuapp.com/home
[INFO ]2023-07-06 23:49:21.442 [main]LoggerLoad-from homePage :  https://dsportalapp.herokuapp.com/home
[INFO ]2023-07-06 23:49:22.123 [main]LoggerLoad-from homePage :  https://dsportalapp.herokuapp.com/home
[INFO ]2023-07-06 23:49:22.728 [main]LoggerLoad-from homePage :  https://dsportalapp.herokuapp.com/home
[INFO ]2023-07-06 23:49:23.439 [main]LoggerLoad-from homePage :  https://dsportalapp.herokuapp.com/home
[INFO ]2023-07-06 23:49:23.803 [main]LoggerLoad-from homePage :  https://dsportalapp.herokuapp.com/home
[INFO ]2023-07-06 23:49:24.072 [main]LoggerLoad-from homePage :  https://dsportalapp.herokuapp.com/home
[INFO ]2023-07-06 23:49:24.379 [main]LoggerLoad-from homePage :  https://dsportalapp.herokuapp.com/home
[INFO ]2023-07-06 23:49:24.634 [main]LoggerLoad-from homePage :  https://dsportalapp.herokuapp.com/home
[INFO ]2023-07-06 23:49:24.926 [main]LoggerLoad-from homePage :  https://dsportalapp.herokuapp.com/home
[INFO ]2023-07-06 23:49:25.206 [main]LoggerLoad-from homePage :  https://dsportalapp.herokuapp.com/home
[INFO ]2023-07-06 23:49:25.792 [main]LoggerLoad-https://dsportalapp.herokuapp.com/register
[INFO ]2023-07-06 23:49:26.704 [main]LoggerLoad-https://dsportalapp.herokuapp.com/register
[INFO ]2023-07-06 23:49:27.764 [main]LoggerLoad-https://dsportalapp.herokuapp.com/register
[INFO ]2023-07-06 23:49:28.701 [main]LoggerLoad-https://dsportalapp.herokuapp.com/register
[INFO ]2023-07-06 23:49:29.589 [main]LoggerLoad-https://dsportalapp.herokuapp.com/register
[INFO ]2023-07-06 23:49:30.766 [main]LoggerLoad-https://dsportalapp.herokuapp.com/register
[INFO ]2023-07-06 23:49:31.782 [main]LoggerLoad-https://dsportalapp.herokuapp.com/register
[INFO ]2023-07-06 23:49:32.650 [main]LoggerLoad-https://dsportalapp.herokuapp.com/register
[INFO ]2023-07-06 23:49:33.919 [main]LoggerLoad-https://dsportalapp.herokuapp.com/register
[INFO ]2023-07-06 23:49:35.092 [main]LoggerLoad-https://dsportalapp.herokuapp.com/register
[INFO ]2023-07-06 23:49:36.011 [main]LoggerLoad-https://dsportalapp.herokuapp.com/register
[INFO ]2023-07-06 23:49:37.066 [main]LoggerLoad-https://dsportalapp.herokuapp.com/register
[INFO ]2023-07-06 23:49:38.285 [main]LoggerLoad-https://dsportalapp.herokuapp.com/register
[INFO ]2023-07-06 23:49:43.730 [main]LoggerLoad-from homePage :  https://dsportalapp.herokuapp.com/home
[INFO ]2023-07-06 23:50:18.800 [main]LoggerLoad-Scenario Failed
[INFO ]2023-07-06 23:50:20.192 [main]LoggerLoad-Scenario Failed
[INFO ]2023-07-06 23:53:18.320 [main]LoggerLoad-from homePage :  https://dsportalapp.herokuapp.com/home
[INFO ]2023-07-06 23:57:30.687 [main]LoggerLoad-Scenario Failed
[INFO ]2023-07-07 00:02:52.914 [main]LoggerLoad-from homePage :  https://dsportalapp.herokuapp.com/home
[INFO ]2023-07-07 00:03:20.750 [main]LoggerLoad-Closing App
